[Mon Nov  2 19:36:13.903 2020] 0.163 sec 0.163 sec [ext/0/ext 2109 (0,10)] [najaf] سلام بر حسین
[Mon Nov  2 19:37:06.715 2020] 0.013 sec 0.013 sec [ext/0/ext 28143 (0,10)] [najaf] سلام
[Mon Nov  2 19:38:47.143 2020] 0.040 sec 0.040 sec [ext/0/ext 375 (0,10)] [najaf] پرندگان در آسمان
[Mon Nov  2 19:39:02.734 2020] 0.003 sec 0.003 sec [ext/0/ext 375 (0,10)] [najaf] پرندگان در آسمان
[Mon Nov  2 21:55:04.110 2020] 0.275 sec 0.275 sec [ext/0/ext 28143 (0,50)] [najaf] سلام
[Mon Nov  2 22:13:11.191 2020] 0.242 sec 0.242 sec [ext/0/ext 2109 (0,50)] [najaf] سلام بر حسین
[Mon Nov  2 22:14:43.680 2020] 0.257 sec 0.257 sec [ext/0/ext 2109 (0,50)] [najaf] سلام بر حسین
[Mon Nov  2 22:15:43.395 2020] 0.243 sec 0.243 sec [ext/0/ext 2109 (0,50)] [najaf] سلام بر حسین
[Fri Nov  6 06:46:43.857 2020] 0.000 sec 0.000 sec [ext/0/ext 0 (0,10)] [najaf] salam
[Fri Nov  6 06:47:56.866 2020] 0.000 sec 0.000 sec [ext/0/ext 0 (0,10)] [najaf] salam
[Fri Nov  6 06:54:42.478 2020] 0.000 sec 0.000 sec [ext/0/ext 0 (0,10)] [najaf] salam
[Fri Nov  6 06:55:34.143 2020] 0.000 sec 0.000 sec [ext/0/ext 0 (0,10)] [najaf] salam
[Fri Nov  6 07:01:29.006 2020] 0.000 sec 0.000 sec [ext/0/ext 0 (0,10)] [najaf] salam
[Fri Nov  6 07:05:29.114 2020] 0.000 sec 0.000 sec [ext/0/ext 0 (0,10)] [najaf] salam
[Fri Nov  6 07:08:29.520 2020] 0.000 sec 0.000 sec [ext/0/ext 0 (0,10)] [najaf] salam
[Fri Nov  6 07:08:31.549 2020] 0.000 sec 0.000 sec [ext/0/ext 0 (0,10)] [najaf] salam
[Fri Nov  6 07:08:37.406 2020] 0.000 sec 0.000 sec [ext/0/ext 0 (0,10)] [najaf] salam
[Fri Nov  6 07:09:04.883 2020] 0.071 sec 0.071 sec [ext/0/ext 28143 (0,10)] [najaf] سلام
[Fri Nov  6 07:12:22.980 2020] 0.070 sec 0.070 sec [ext/0/ext 28143 (0,10)] [najaf] سلام
[Fri Nov  6 07:12:24.307 2020] 0.071 sec 0.071 sec [ext/0/ext 28143 (0,10)] [najaf] سلام
[Fri Nov  6 07:12:51.431 2020] 0.018 sec 0.018 sec [ext/0/ext 2109 (0,10)] [najaf] سلام بر حسین
[Fri Nov  6 07:13:08.988 2020] 0.035 sec 0.035 sec [ext/0/ext 557 (0,10)] [najaf] السلام علینا و علی عباد الله
[Fri Nov  6 07:13:24.015 2020] 0.038 sec 0.038 sec [ext/0/ext 375 (0,10)] [najaf] پرندگان در آسمان
[Fri Nov  6 08:58:56.900 2020] 0.069 sec 0.069 sec [ext/0/ext 3027 (0,10)] [najaf] سلام بر شما
[Fri Nov  6 09:08:37.683 2020] 0.000 sec 0.000 sec [ext/0/ext 0 (0,10)] [najaf] salam
[Fri Nov  6 09:08:44.232 2020] 0.000 sec 0.000 sec [ext/0/ext 0 (0,10)] [najaf] salam
[Fri Nov  6 09:11:41.747 2020] 0.000 sec 0.000 sec [ext/0/ext 0 (0,10)] [najaf] salam
[Fri Nov  6 09:17:11.141 2020] 0.064 sec 0.064 sec [ext/0/ext 28143 (0,10)] [najaf] سلام
[Fri Nov  6 09:32:20.031 2020] 0.069 sec 0.069 sec [ext/0/ext 28143 (0,10)] [najaf] سلام
[Fri Nov  6 09:36:37.776 2020] 0.007 sec 0.007 sec [ext/0/ext 28143 (0,1)] [najaf] سلام
[Fri Nov  6 09:40:41.242 2020] 0.004 sec 0.004 sec [ext/0/ext 29 (0,1)] [najaf] سلا بر شما م
[Fri Nov  6 09:42:34.039 2020] 0.086 sec 0.086 sec [ext/0/ext 715524 (0,0)] [najaf] الله
[Fri Nov  6 09:43:10.979 2020] 0.011 sec 0.011 sec [ext/0/ext 2109 (0,0)] [najaf] سلام بر حسين
[Fri Nov  6 09:43:43.800 2020] 0.011 sec 0.011 sec [ext/0/ext 2109 (0,0)] [najaf] سلام بر حسين
[Fri Nov  6 09:43:48.329 2020] 0.006 sec 0.006 sec [ext/0/ext 2109 (0,0)] [najaf] سلام بر حسين
[Fri Nov  6 09:43:53.638 2020] 0.006 sec 0.006 sec [ext/0/ext 2109 (0,1)] [najaf] سلام بر حسين
[Fri Nov  6 09:48:57.208 2020] 0.007 sec 0.007 sec [ext/0/ext 28143 (0,0)] [najaf] سلام
[Fri Nov  6 09:50:10.909 2020] 0.006 sec 0.006 sec [ext/0/ext 28143 (0,0)] [najaf] سلام
[Fri Nov  6 09:50:28.050 2020] 0.019 sec 0.019 sec [ext/0/ext 28143 (0,1)] [najaf] سلام
[Fri Nov  6 09:53:05.060 2020] 0.017 sec 0.017 sec [ext/0/ext 28143 (0,1)] [najaf] سلام
[Fri Nov  6 10:02:27.592 2020] 0.023 sec 0.023 sec [ext/0/ext 28143 (0,1)] [najaf] سلام
[Fri Nov  6 10:03:30.433 2020] 0.013 sec 0.013 sec [ext/0/ext 28143 (0,1)] [najaf] سلام
[Fri Nov  6 10:03:45.107 2020] 0.017 sec 0.017 sec [ext/0/ext 28143 (0,1)] [najaf] سلام
[Fri Nov  6 10:04:24.815 2020] 0.006 sec 0.006 sec [ext/0/ext 28143 (0,0)] [najaf] سلام
[Fri Nov  6 10:04:34.250 2020] 0.008 sec 0.008 sec [ext/0/ext 28143 (0,0)] [najaf] سلام
[Fri Nov  6 10:04:36.977 2020] 0.010 sec 0.010 sec [ext/0/ext 28143 (0,0)] [najaf] سلام
[Fri Nov  6 10:05:21.780 2020] 0.007 sec 0.007 sec [ext/0/ext 28143 (0,0)] [najaf] سلام
[Fri Nov  6 10:05:25.619 2020] 0.005 sec 0.005 sec [ext/0/ext 28143 (0,0)] [najaf] سلام
[Fri Nov  6 10:05:36.841 2020] 0.006 sec 0.006 sec [ext/0/ext 28143 (0,0)] [najaf] سلام
[Fri Nov  6 10:05:40.671 2020] 0.013 sec 0.013 sec [ext/0/ext 28143 (0,1)] [najaf] سلام
[Fri Nov  6 10:17:21.978 2020] 0.007 sec 0.007 sec [ext/0/ext 28143 (0,0)] [najaf] سلام
[Fri Nov  6 10:17:45.158 2020] 0.005 sec 0.005 sec [ext/0/ext 28143 (0,0)] [najaf] سلام
[Fri Nov  6 10:17:50.865 2020] 0.011 sec 0.011 sec [ext/0/ext 28143 (0,0)] [najaf] سلام
[Fri Nov  6 10:18:06.836 2020] 0.005 sec 0.005 sec [ext/0/ext 28143 (0,0)] [najaf] سلام
[Fri Nov  6 10:18:09.323 2020] 0.005 sec 0.005 sec [ext/0/ext 28143 (0,0)] [najaf] سلام
[Fri Nov  6 10:18:22.157 2020] 0.005 sec 0.005 sec [ext/0/ext 28143 (0,0)] [najaf] سلام
[Fri Nov  6 10:18:23.512 2020] 0.005 sec 0.005 sec [ext/0/ext 28143 (0,0)] [najaf] سلام
[Fri Nov  6 10:18:24.648 2020] 0.010 sec 0.010 sec [ext/0/ext 28143 (0,0)] [najaf] سلام
[Fri Nov  6 10:18:27.374 2020] 0.006 sec 0.006 sec [ext/0/ext 28143 (0,0)] [najaf] سلام
[Fri Nov  6 10:18:34.962 2020] 0.006 sec 0.006 sec [ext/0/ext 28143 (0,0)] [najaf] سلام
[Fri Nov  6 10:18:38.652 2020] 0.005 sec 0.005 sec [ext/0/ext 28143 (0,0)] [najaf] سلام
[Fri Nov  6 10:23:46.825 2020] 0.008 sec 0.008 sec [ext/0/ext 2109 (0,0)] [najaf] سلام بر حسین
[Fri Nov  6 10:24:25.715 2020] 0.006 sec 0.006 sec [ext/0/ext 2109 (0,0)] [najaf] سلام بر حسین
[Fri Nov  6 10:24:36.824 2020] 0.010 sec 0.010 sec [ext/0/ext 2109 (0,0)] [najaf] سلام بر حسین
[Fri Nov  6 10:24:49.427 2020] 0.005 sec 0.005 sec [ext/0/ext 2109 (0,0)] [najaf] سلام بر حسین
[Fri Nov  6 10:26:57.282 2020] 0.087 sec 0.087 sec [ext/0/ext 28143 (0,10)] [najaf] سلام
[Fri Nov  6 10:28:33.650 2020] 0.042 sec 0.042 sec [ext/0/ext 375 (0,10)] [najaf] پرندگان در آسمان
[Fri Nov  6 10:29:48.628 2020] 0.071 sec 0.071 sec [ext/0/ext 28143 (0,10)] [najaf] سلام
[Fri Nov  6 10:31:39.696 2020] 0.071 sec 0.071 sec [ext/0/ext 28143 (0,10)] [najaf] سلام
[Fri Nov  6 10:31:45.738 2020] 0.054 sec 0.054 sec [ext/0/ext 28143 (2,10)] [najaf] سلام
[Fri Nov  6 10:31:50.308 2020] 0.068 sec 0.068 sec [ext/0/ext 28143 (3,10)] [najaf] سلام
[Fri Nov  6 10:31:56.335 2020] 0.064 sec 0.064 sec [ext/0/ext 28143 (5,10)] [najaf] سلام
[Fri Nov  6 10:32:16.857 2020] 0.067 sec 0.067 sec [ext/0/ext 28143 (7,10)] [najaf] سلام
[Fri Nov  6 10:33:24.027 2020] 0.061 sec 0.061 sec [ext/0/ext 28143 (0,10)] [najaf] سلام
[Fri Nov  6 10:33:30.320 2020] 0.067 sec 0.067 sec [ext/0/ext 28143 (0,10)] [najaf] سلام
[Fri Nov  6 10:33:32.201 2020] 0.065 sec 0.065 sec [ext/0/ext 28143 (282,10)] [najaf] سلام
[Fri Nov  6 10:33:37.798 2020] 0.067 sec 0.067 sec [ext/0/ext 28143 (1,10)] [najaf] سلام
[Fri Nov  6 10:33:37.864 2020] 0.067 sec 0.067 sec [ext/0/ext 28143 (282,10)] [najaf] سلام
[Fri Nov  6 10:33:48.601 2020] 0.087 sec 0.087 sec [ext/0/ext 28143 (1,10)] [najaf] سلام
[Fri Nov  6 10:33:52.250 2020] 0.066 sec 0.066 sec [ext/0/ext 28143 (2,10)] [najaf] سلام
[Fri Nov  6 10:33:54.446 2020] 0.060 sec 0.060 sec [ext/0/ext 28143 (3,10)] [najaf] سلام
[Fri Nov  6 10:34:10.168 2020] 0.053 sec 0.053 sec [ext/0/ext 28143 (4,10)] [najaf] سلام
[Fri Nov  6 10:34:15.179 2020] 0.066 sec 0.066 sec [ext/0/ext 28143 (3,10)] [najaf] سلام
[Fri Nov  6 10:34:57.129 2020] 0.086 sec 0.086 sec [ext/0/ext 28143 (1,10)] [najaf] سلام
[Fri Nov  6 10:35:00.260 2020] 0.054 sec 0.054 sec [ext/0/ext 28143 (1,10)] [najaf] سلام
[Fri Nov  6 10:35:05.511 2020] 0.057 sec 0.057 sec [ext/0/ext 28143 (1,10)] [najaf] سلام
[Fri Nov  6 10:35:09.947 2020] 0.087 sec 0.087 sec [ext/0/ext 28143 (2,10)] [najaf] سلام
[Fri Nov  6 10:35:13.268 2020] 0.072 sec 0.072 sec [ext/0/ext 28143 (1,10)] [najaf] سلام
[Fri Nov  6 10:35:15.559 2020] 0.066 sec 0.066 sec [ext/0/ext 28143 (2,10)] [najaf] سلام
[Fri Nov  6 10:35:24.393 2020] 0.068 sec 0.068 sec [ext/0/ext 28143 (2,10)] [najaf] سلام
[Fri Nov  6 10:36:23.473 2020] 0.001 sec 0.001 sec [ext/0/ext 0 (0,10)] [najaf] پرندگان غیر ماکول الحم
[Fri Nov  6 10:36:29.902 2020] 0.001 sec 0.001 sec [ext/0/ext 0 (0,10)] [najaf] پرندگان غیر ماکول الحم
[Fri Nov  6 10:36:37.129 2020] 0.033 sec 0.033 sec [ext/0/ext 1388 (0,10)] [najaf] پرندگان
[Fri Nov  6 10:36:47.846 2020] 0.022 sec 0.022 sec [ext/0/ext 1388 (0,10)] [najaf] پرندگان
[Fri Nov  6 10:36:50.067 2020] 0.025 sec 0.025 sec [ext/0/ext 1388 (1,10)] [najaf] پرندگان
[Fri Nov  6 10:36:51.730 2020] 0.025 sec 0.025 sec [ext/0/ext 1388 (1,10)] [najaf] پرندگان
[Fri Nov  6 10:36:53.350 2020] 0.033 sec 0.033 sec [ext/0/ext 1388 (0,10)] [najaf] پرندگان
[Fri Nov  6 10:36:54.950 2020] 0.029 sec 0.029 sec [ext/0/ext 1388 (0,10)] [najaf] پرندگان
[Fri Nov  6 10:36:56.705 2020] 0.029 sec 0.029 sec [ext/0/ext 1388 (1,10)] [najaf] پرندگان
[Fri Nov  6 10:36:58.388 2020] 0.024 sec 0.024 sec [ext/0/ext 1388 (1,10)] [najaf] پرندگان
[Fri Nov  6 10:37:01.701 2020] 0.029 sec 0.029 sec [ext/0/ext 1388 (0,10)] [najaf] پرندگان
[Fri Nov  6 10:37:04.072 2020] 0.025 sec 0.025 sec [ext/0/ext 1388 (0,10)] [najaf] پرندگان
[Fri Nov  6 10:37:05.734 2020] 0.021 sec 0.021 sec [ext/0/ext 1388 (1,10)] [najaf] پرندگان
[Fri Nov  6 10:37:08.265 2020] 0.023 sec 0.023 sec [ext/0/ext 1388 (1,10)] [najaf] پرندگان
[Fri Nov  6 10:37:09.046 2020] 0.021 sec 0.021 sec [ext/0/ext 1388 (0,10)] [najaf] پرندگان
[Fri Nov  6 10:37:10.573 2020] 0.027 sec 0.027 sec [ext/0/ext 1388 (0,10)] [najaf] پرندگان
[Fri Nov  6 10:37:11.049 2020] 0.026 sec 0.026 sec [ext/0/ext 1388 (1,10)] [najaf] پرندگان
[Fri Nov  6 10:37:21.963 2020] 0.022 sec 0.022 sec [ext/0/ext 1388 (1,10)] [najaf] پرندگان
[Fri Nov  6 10:38:09.609 2020] 0.025 sec 0.025 sec [ext/0/ext 1388 (0,10)] [najaf] پرندگان
[Fri Nov  6 10:38:18.577 2020] 0.028 sec 0.028 sec [ext/0/ext 1388 (4,10)] [najaf] پرندگان
[Fri Nov  6 10:38:21.737 2020] 0.029 sec 0.029 sec [ext/0/ext 1388 (2,10)] [najaf] پرندگان
[Fri Nov  6 10:38:23.757 2020] 0.029 sec 0.029 sec [ext/0/ext 1388 (2,10)] [najaf] پرندگان
[Fri Nov  6 10:38:25.359 2020] 0.036 sec 0.036 sec [ext/0/ext 1388 (4,10)] [najaf] پرندگان
[Fri Nov  6 10:38:27.328 2020] 0.018 sec 0.018 sec [ext/0/ext 1388 (6,10)] [najaf] پرندگان
[Fri Nov  6 10:38:29.843 2020] 0.019 sec 0.019 sec [ext/0/ext 1388 (8,10)] [najaf] پرندگان
[Fri Nov  6 10:38:35.108 2020] 0.023 sec 0.023 sec [ext/0/ext 1388 (10,10)] [najaf] پرندگان
[Fri Nov  6 10:44:57.135 2020] 0.074 sec 0.074 sec [ext/0/ext 28143 (0,10)] [najaf] سلام
[Fri Nov  6 12:35:44.173 2020] 0.221 sec 0.221 sec [ext/0/ext 1370 (0,0)] [najaf_simple] سلام بر حسین
[Fri Nov  6 12:35:46.011 2020] 0.013 sec 0.013 sec [ext/0/ext 1370 (0,0)] [najaf_simple] سلام بر حسین
[Fri Nov  6 12:35:47.701 2020] 0.013 sec 0.013 sec [ext/0/ext 1370 (0,0)] [najaf_simple] سلام بر حسین
[Fri Nov  6 12:36:19.234 2020] 0.012 sec 0.012 sec [ext/0/ext 1370 (0,0)] [najaf_simple] سلام بر حسین
[Fri Nov  6 12:36:21.562 2020] 0.014 sec 0.014 sec [ext/0/ext 1370 (0,0)] [najaf_simple] سلام بر حسین
[Fri Nov  6 12:36:33.659 2020] 0.016 sec 0.016 sec [ext/0/ext 1370 (0,0)] [najaf_simple] سلام بر حسین
[Fri Nov  6 12:36:37.341 2020] 0.012 sec 0.012 sec [ext/0/ext 1370 (0,0)] [najaf_simple] سلام بر حسین
[Fri Nov  6 12:36:38.684 2020] 0.010 sec 0.010 sec [ext/0/ext 1370 (0,0)] [najaf_simple] سلام بر حسین
[Fri Nov  6 12:36:53.795 2020] 0.011 sec 0.011 sec [ext/0/ext 1370 (0,0)] [najaf_simple] سلام بر حسین
[Fri Nov  6 12:36:56.653 2020] 0.010 sec 0.010 sec [ext/0/ext 1370 (0,0)] [najaf_simple] سلام بر حسین
[Fri Nov  6 12:37:04.370 2020] 0.015 sec 0.015 sec [ext/0/ext 1370 (0,0)] [najaf_simple] سلام بر حسین
[Fri Nov  6 12:37:37.635 2020] 0.010 sec 0.010 sec [ext/0/ext 1370 (0,0)] [najaf_simple] سلام بر حسین
[Fri Nov  6 12:37:50.053 2020] 0.012 sec 0.012 sec [ext/0/ext 1370 (0,0)] [najaf_simple] سلام بر حسین
[Fri Nov  6 12:49:52.090 2020] 0.053 sec 0.053 sec [scan/0/ext 1703871 (0,20)] [najaf_simple]
[Fri Nov  6 12:50:00.551 2020] 0.032 sec 0.032 sec [scan/0/ext 1703871 (0,20)] [najaf_simple]
[Fri Nov  6 14:48:39.414 2020] 0.000 sec 0.000 sec [ext/0/ext 0 (0,10)] [najaf_stemmer_stopword] salam
[Fri Nov  6 14:48:41.276 2020] 0.000 sec 0.000 sec [ext/0/ext 0 (0,10)] [najaf_stemmer_stopword] salam
[Fri Nov  6 14:49:05.022 2020] 0.120 sec 0.120 sec [ext/0/ext 28143 (0,10)] [najaf_stemmer_stopword] سلام
[Fri Nov  6 14:49:06.331 2020] 0.070 sec 0.070 sec [ext/0/ext 28143 (0,10)] [najaf_stemmer_stopword] سلام
[Fri Nov  6 14:49:53.860 2020] 0.000 sec 0.000 sec [ext/0/ext 0 (0,10)] [najaf_simple] salam
[Fri Nov  6 14:49:56.679 2020] 0.000 sec 0.000 sec [ext/0/ext 0 (0,10)] [najaf_simple] 1
[Fri Nov  6 14:50:01.403 2020] 0.258 sec 0.258 sec [ext/0/ext 246 (0,10)] [najaf_simple] گربه
[Fri Nov  6 14:50:35.314 2020] 0.256 sec 0.256 sec [ext/0/ext 246 (0,10)] [najaf_stemmer] گربه
[Fri Nov  6 14:50:41.515 2020] 0.158 sec 0.158 sec [ext/0/ext 246 (0,10)] [najaf_stopword] گربه
[Fri Nov  6 14:50:50.500 2020] 0.033 sec 0.033 sec [ext/0/ext 246 (0,10)] [najaf_stemmer_stopword] گربه
[Fri Nov  6 14:51:00.475 2020] 0.012 sec 0.012 sec [ext/0/ext 246 (0,10)] [najaf_simple] گربه
[Fri Nov  6 14:51:08.507 2020] 0.252 sec 0.252 sec [ext/0/ext 111 (0,10)] [najaf_simple] گربه‌ها
[Fri Nov  6 14:51:33.200 2020] 0.428 sec 0.428 sec [ext/0/ext 183 (0,10)] [najaf_simple] پرندگان در آسمان
[Fri Nov  6 14:54:21.521 2020] 0.467 sec 0.467 sec [ext/0/ext 367 (0,10)] [najaf_stemmer] پرندگان در آسمان
[Fri Nov  6 14:54:36.588 2020] 0.132 sec 0.132 sec [ext/0/ext 187 (0,10)] [najaf_stopword] پرندگان در آسمان
[Fri Nov  6 14:54:48.624 2020] 0.044 sec 0.044 sec [ext/0/ext 367 (0,10)] [najaf_stemmer_stopword] پرندگان در آسمان
[Fri Nov  6 15:00:50.500 2020] 0.133 sec 0.133 sec [ext/0/ext 2744 (0,10)] [najaf_simple] سلا
[Fri Nov  6 15:04:24.929 2020] 0.193 sec 0.193 sec [ext/0/ext 26718 (0,10)] [najaf_simple] سلام
[Fri Nov  6 15:05:15.520 2020] 0.024 sec 0.024 sec [ext/0/ext 183 (0,10)] [najaf_simple] پرندگان در آسمان
[Fri Nov  6 15:06:44.785 2020] 0.058 sec 0.058 sec [ext/0/ext 367 (0,10)] [najaf_stemmer_stopword] پرندگان در آسمان
[Fri Nov  6 15:06:54.670 2020] 0.049 sec 0.049 sec [ext/0/ext 367 (0,10)] [najaf_stemmer] پرندگان در آسمان
[Fri Nov  6 15:07:00.931 2020] 0.018 sec 0.018 sec [ext/0/ext 187 (0,10)] [najaf_stopword] پرندگان در آسمان
[Fri Nov  6 15:26:50.183 2020] 0.017 sec 0.017 sec [ext/0/ext 187 (0,10)] [najaf_stopword] پرندگان در آسمان
[Sat Nov  7 15:32:31.543 2020] 0.026 sec 0.026 sec [scan/0/ext 1703871 (0,0)] [najaf_simple]
[Sat Nov  7 16:30:11.355 2020] 0.043 sec 0.043 sec [ext/0/ext 26718 (0,10)] [najaf_simple] سلام
[Sat Nov  7 16:31:32.875 2020] 0.040 sec 0.040 sec [ext/0/ext 26718 (0,10)] [najaf_simple] سلام
[Sat Nov  7 16:32:32.466 2020] 0.035 sec 0.035 sec [ext/0/ext 183 (0,10)] [najaf_simple] پرندگان در آسمان
[Sat Nov  7 16:34:05.071 2020] 0.054 sec 0.054 sec [ext/0/ext 367 (0,10)] [najaf_stemmer] پرندگان در آسمان
[Sat Nov  7 16:35:20.386 2020] 0.435 sec 0.435 sec [ext/0/ext 56 (0,10)] [najaf_stemmer] اندیشه براندازی دین خدا
[Sat Nov  7 16:36:03.730 2020] 0.448 sec 0.448 sec [ext/0/ext 75 (0,10)] [najaf_stemmer] انگیزه‌های قیام مردمان کوفه
[Sat Nov  7 16:36:53.462 2020] 0.571 sec 0.571 sec [ext/0/ext 18 (0,10)] [najaf_stopword] انگیزه‌های قیام مردمان کوفه
[Sat Nov  7 16:37:30.376 2020] 1.106 sec 1.106 sec [ext/0/ext 78 (0,10)] [najaf_stemmer_stopword] انگیزه‌های قیام مردمان کوفه
[Sat Nov  7 16:40:50.971 2020] 0.298 sec 0.298 sec [ext/0/ext 2429 (0,10)] [najaf_simple] سلام بر شما
[Sat Nov  7 16:50:35.320 2020] 0.005 sec 0.005 sec [ext/0/ext 26718 (0,1)] [najaf_simple] سلام
[Sun Nov  8 11:35:55.025 2020] 0.228 sec 0.228 sec [ext/0/ext 139 (0,10)] [najaf_synonym] اشتباه فاحش
[Sun Nov  8 11:37:45.311 2020] 0.225 sec 0.225 sec [ext/0/ext 1386 (0,10)] [najaf_synonym] اشتباهات و اشکالات
[Sun Nov  8 11:38:11.190 2020] 0.149 sec 0.149 sec [ext/0/ext 83 (0,10)] [najaf_synonym] خطای فاحش
[Sun Nov  8 11:38:26.665 2020] 0.034 sec 0.034 sec [ext/0/ext 83 (0,10)] [najaf_synonym_stemmer] خطای فاحش
[Sun Nov  8 11:38:36.272 2020] 0.031 sec 0.031 sec [ext/0/ext 139 (0,10)] [najaf_synonym_stemmer] اشتباه فاحش
[Sun Nov  8 11:55:06.947 2020] 0.000 sec 0.000 sec [ext/0/ext 0 (0,10)] [najaf_synonym_stemmer] s
[Sun Nov  8 11:55:07.315 2020] 0.000 sec 0.000 sec [ext/0/ext 0 (0,10)] [najaf_synonym_stemmer] s
[Sun Nov  8 11:55:09.752 2020] 0.000 sec 0.000 sec [ext/0/ext 0 (0,10)] [najaf_synonym_stemmer] بشسنیمبتشیس
[Sun Nov  8 11:55:13.756 2020] 0.013 sec 0.013 sec [ext/0/ext 41308 (0,10)] [najaf_synonym_stemmer] اللهم
[Sun Nov  8 12:02:27.146 2020] 0.384 sec 0.384 sec [ext/0/ext 2429 (0,10)] [najaf_simple] سلام بر شما
[Sun Nov  8 12:02:53.892 2020] 0.308 sec 0.308 sec [ext/0/ext 82 (0,10)] [najaf_simple] اشتباه فاحش
[Sun Nov  8 12:05:03.896 2020] 0.446 sec 0.446 sec [ext/0/ext 93 (0,10)] [najaf_simple] سلام بر همه بندگان صالح
[Sun Nov  8 12:06:04.998 2020] 0.000 sec 0.000 sec [ext/0/ext 0 (0,10)] [najaf_simple] fasdf
[Sun Nov  8 12:06:11.048 2020] 0.197 sec 0.197 sec [ext/0/ext 720 (0,10)] [najaf_simple] بندگان صالح
[Sun Nov  8 12:09:29.770 2020] 0.024 sec 0.024 sec [ext/0/ext 720 (0,10)] [najaf_simple] بندگان صالح
[Sun Nov  8 12:10:13.714 2020] 0.020 sec 0.020 sec [ext/0/ext 720 (0,10)] [najaf_simple] بندگان صالح
[Sun Nov  8 12:10:54.158 2020] 0.024 sec 0.024 sec [ext/0/ext 720 (0,10)] [najaf_simple] بندگان صالح
[Sun Nov  8 12:11:09.305 2020] 0.028 sec 0.028 sec [ext/0/ext 720 (0,10)] [najaf_simple] بندگان صالح
[Sun Nov  8 12:16:59.140 2020] 0.172 sec 0.172 sec [ext/0/ext 26718 (0,10)] [najaf_simple] سلام
[Sun Nov  8 12:17:08.912 2020] 0.038 sec 0.038 sec [ext/0/ext 2429 (0,10)] [najaf_simple] سلام بر شما
[Sun Nov  8 12:18:26.080 2020] 0.049 sec 0.049 sec [ext/0/ext 2429 (0,10)] [najaf_simple] سلام بر شما
[Sun Nov  8 12:19:53.245 2020] 0.048 sec 0.048 sec [ext/0/ext 2429 (0,10)] [najaf_simple] سلام بر شما
[Sun Nov  8 12:19:55.396 2020] 0.047 sec 0.047 sec [ext/0/ext 2429 (0,10)] [najaf_simple] سلام بر شما
[Sun Nov  8 12:20:03.562 2020] 0.051 sec 0.051 sec [ext/0/ext 2429 (0,10)] [najaf_simple] سلام بر شما
[Sun Nov  8 12:20:07.932 2020] 0.050 sec 0.050 sec [ext/0/ext 2429 (0,10)] [najaf_simple] سلام بر شما
[Sun Nov  8 12:20:28.383 2020] 0.055 sec 0.055 sec [ext/0/ext 2429 (1,10)] [najaf_simple] سلام بر شما
[Sun Nov  8 12:20:37.295 2020] 0.061 sec 0.061 sec [ext/0/ext 2429 (2,10)] [najaf_simple] سلام بر شما
[Sun Nov  8 12:20:46.520 2020] 0.058 sec 0.058 sec [ext/0/ext 2429 (3,10)] [najaf_simple] سلام بر شما
[Sun Nov  8 12:20:51.464 2020] 0.057 sec 0.057 sec [ext/0/ext 2429 (4,10)] [najaf_simple] سلام بر شما
[Sun Nov  8 12:21:20.768 2020] 0.045 sec 0.045 sec [ext/0/ext 2429 (0,10)] [najaf_simple] سلام بر شما
[Sun Nov  8 12:22:14.853 2020] 0.038 sec 0.038 sec [ext/0/ext 2429 (0,10)] [najaf_simple] سلام بر شما
[Sun Nov  8 12:22:31.484 2020] 0.050 sec 0.050 sec [ext/0/ext 2429 (0,10)] [najaf_simple] سلام بر شما
[Sun Nov  8 12:22:45.962 2020] 0.038 sec 0.038 sec [ext/0/ext 2429 (1,10)] [najaf_simple] سلام بر شما
[Sun Nov  8 12:22:56.359 2020] 0.034 sec 0.034 sec [ext/0/ext 2429 (2,10)] [najaf_simple] سلام بر شما
[Sun Nov  8 12:23:05.354 2020] 0.138 sec 0.138 sec [ext/0/ext 2429 (241,10)] [najaf_simple] سلام بر شما
[Sun Nov  8 12:23:13.462 2020] 0.077 sec 0.077 sec [ext/0/ext 2429 (238,10)] [najaf_simple] سلام بر شما
[Sun Nov  8 12:23:26.424 2020] 0.045 sec 0.045 sec [ext/0/ext 2429 (0,10)] [najaf_simple] سلام بر شما
[Sun Nov  8 12:24:18.359 2020] 0.048 sec 0.048 sec [ext/0/ext 2429 (0,10)] [najaf_simple] سلام بر شما
[Sun Nov  8 12:24:52.348 2020] 0.041 sec 0.041 sec [ext/0/ext 2429 (0,10)] [najaf_simple] سلام بر شما
[Sun Nov  8 12:24:59.019 2020] 0.051 sec 0.051 sec [ext/0/ext 2429 (0,10)] [najaf_simple] سلام بر شما
[Sun Nov  8 12:25:24.359 2020] 0.042 sec 0.042 sec [ext/0/ext 2429 (2,10)] [najaf_simple] سلام بر شما
[Sun Nov  8 12:25:57.485 2020] 0.039 sec 0.039 sec [ext/0/ext 2429 (5,10)] [najaf_simple] سلام بر شما
[Sun Nov  8 12:26:06.190 2020] 0.050 sec 0.050 sec [ext/0/ext 2429 (0,10)] [najaf_simple] سلام بر شما
[Sun Nov  8 12:26:15.217 2020] 0.051 sec 0.051 sec [ext/0/ext 2429 (1,10)] [najaf_simple] سلام بر شما
[Sun Nov  8 12:26:23.689 2020] 0.043 sec 0.043 sec [ext/0/ext 2429 (2,10)] [najaf_simple] سلام بر شما
[Sun Nov  8 12:29:16.263 2020] 0.178 sec 0.178 sec [ext/0/ext 16 (1,10)] [najaf_simple] گوگل
[Sun Nov  8 12:29:29.281 2020] 0.019 sec 0.019 sec [ext/0/ext 16 (1,10)] [najaf_simple] گوگل
[Sun Nov  8 12:29:34.598 2020] 0.023 sec 0.023 sec [ext/0/ext 16 (1,10)] [najaf_simple] گوگل
[Sun Nov  8 12:29:43.790 2020] 0.038 sec 0.038 sec [ext/0/ext 16 (0,10)] [najaf_simple] گوگل
[Sun Nov  8 12:29:49.072 2020] 0.023 sec 0.023 sec [ext/0/ext 16 (1,10)] [najaf_simple] گوگل
[Sun Nov  8 12:29:52.714 2020] 0.023 sec 0.023 sec [ext/0/ext 16 (0,10)] [najaf_simple] گوگل
[Sun Nov  8 12:29:55.680 2020] 0.033 sec 0.033 sec [ext/0/ext 16 (1,10)] [najaf_simple] گوگل
[Sun Nov  8 12:30:05.202 2020] 0.046 sec 0.046 sec [ext/0/ext 2429 (0,10)] [najaf_simple] سلام بر شما
[Sun Nov  8 12:30:18.013 2020] 0.052 sec 0.052 sec [ext/0/ext 2429 (0,10)] [najaf_simple] سلام بر شما
[Sun Nov  8 12:30:24.885 2020] 0.049 sec 0.049 sec [ext/0/ext 2429 (1,10)] [najaf_simple] سلام بر شما
[Sun Nov  8 12:30:35.661 2020] 0.051 sec 0.051 sec [ext/0/ext 2429 (0,10)] [najaf_simple] سلام بر شما
[Sun Nov  8 12:30:40.982 2020] 0.037 sec 0.037 sec [ext/0/ext 2429 (0,10)] [najaf_simple] سلام بر شما
[Sun Nov  8 12:30:46.957 2020] 0.046 sec 0.046 sec [ext/0/ext 2429 (2,10)] [najaf_simple] سلام بر شما
[Sun Nov  8 13:04:38.588 2020] 0.049 sec 0.049 sec [ext/0/ext 2429 (1,10)] [najaf_simple] سلام بر شما
[Sun Nov  8 13:04:58.689 2020] 0.045 sec 0.045 sec [ext/0/ext 2429 (0,10)] [najaf_simple] سلام بر شما
[Sun Nov  8 13:05:34.399 2020] 0.038 sec 0.038 sec [ext/0/ext 2429 (0,10)] [najaf_simple] سلام بر شما
[Sun Nov  8 13:06:06.343 2020] 0.040 sec 0.040 sec [ext/0/ext 2429 (1,10)] [najaf_simple] سلام بر شما
[Sun Nov  8 13:06:09.855 2020] 0.047 sec 0.047 sec [ext/0/ext 2429 (2,10)] [najaf_simple] سلام بر شما
[Sun Nov  8 13:32:45.214 2020] 0.045 sec 0.045 sec [ext/0/ext 26718 (0,10)] [najaf_simple] سلام
[Sun Nov  8 13:33:13.506 2020] 0.043 sec 0.043 sec [ext/0/ext 2429 (0,10)] [najaf_simple] سلام بر شما
[Sun Nov  8 13:33:21.297 2020] 0.039 sec 0.039 sec [ext/0/ext 2429 (0,10)] [najaf_simple] سلام بر شما
[Sun Nov  8 13:33:30.445 2020] 0.046 sec 0.046 sec [ext/0/ext 2429 (1,10)] [najaf_simple] سلام بر شما
[Sun Nov  8 13:33:35.070 2020] 0.045 sec 0.045 sec [ext/0/ext 2429 (2,10)] [najaf_simple] سلام بر شما
[Sun Nov  8 13:33:39.905 2020] 0.037 sec 0.037 sec [ext/0/ext 2429 (240,10)] [najaf_simple] سلام بر شما
[Sun Nov  8 13:33:45.795 2020] 0.048 sec 0.048 sec [ext/0/ext 2429 (0,10)] [najaf_simple] سلام بر شما
[Sun Nov  8 13:33:46.484 2020] 0.047 sec 0.047 sec [ext/0/ext 2429 (1,10)] [najaf_simple] سلام بر شما
[Sun Nov  8 13:34:12.399 2020] 0.046 sec 0.046 sec [ext/0/ext 2429 (0,10)] [najaf_simple] سلام بر شما
[Sun Nov  8 14:50:05.290 2020] 0.027 sec 0.027 sec [ext/0/ext 82 (0,10)] [najaf_simple] اشتباه فاحش
[Sun Nov  8 14:50:09.359 2020] 0.028 sec 0.028 sec [ext/0/ext 82 (0,10)] [najaf_simple] اشتباه فاحش
[Sun Nov  8 14:50:11.495 2020] 0.040 sec 0.040 sec [ext/0/ext 82 (1,10)] [najaf_simple] اشتباه فاحش
[Sun Nov  8 14:50:16.080 2020] 0.073 sec 0.073 sec [ext/0/ext 82 (2,10)] [najaf_simple] اشتباه فاحش
[Sun Nov  8 14:50:23.967 2020] 0.138 sec 0.138 sec [ext/0/ext 139 (3,10)] [najaf_synonym] اشتباه فاحش
[Sun Nov  8 14:50:31.916 2020] 0.045 sec 0.045 sec [ext/0/ext 139 (3,10)] [najaf_synonym] اشتباه فاحش
[Sun Nov  8 14:50:37.531 2020] 0.111 sec 0.111 sec [ext/0/ext 139 (5,10)] [najaf_synonym] اشتباه فاحش
[Sun Nov  8 14:50:45.802 2020] 0.082 sec 0.082 sec [ext/0/ext 139 (6,10)] [najaf_synonym] اشتباه فاحش
[Sun Nov  8 14:50:51.788 2020] 0.067 sec 0.067 sec [ext/0/ext 139 (7,10)] [najaf_synonym] اشتباه فاحش
[Sun Nov  8 14:51:01.455 2020] 0.105 sec 0.105 sec [ext/0/ext 139 (11,10)] [najaf_synonym] اشتباه فاحش
[Sun Nov  8 14:52:41.119 2020] 0.078 sec 0.078 sec [ext/0/ext 139 (12,10)] [najaf_synonym] اشتباه فاحش
[Sun Nov  8 14:52:52.666 2020] 0.080 sec 0.080 sec [ext/0/ext 139 (13,10)] [najaf_synonym] اشتباه فاحش
[Sun Nov  8 14:53:10.978 2020] 0.149 sec 0.149 sec [ext/0/ext 83 (12,10)] [najaf_synonym] خطای فاحش
[Sun Nov  8 14:53:14.669 2020] 0.015 sec 0.015 sec [ext/0/ext 83 (12,10)] [najaf_synonym] خطای فاحش
[Sun Nov  8 14:53:19.176 2020] 0.067 sec 0.067 sec [ext/0/ext 83 (8,10)] [najaf_synonym] خطای فاحش
[Sun Nov  8 14:53:24.507 2020] 0.024 sec 0.024 sec [ext/0/ext 83 (7,10)] [najaf_synonym] خطای فاحش
[Sun Nov  8 14:53:37.544 2020] 0.399 sec 0.399 sec [ext/0/ext 83 (0,10)] [najaf_stemmer] خطای فاحش
[Sun Nov  8 14:53:47.191 2020] 0.040 sec 0.040 sec [ext/0/ext 83 (0,10)] [najaf_stemmer] خطای فاحش
[Sun Nov  8 14:53:54.716 2020] 0.039 sec 0.039 sec [ext/0/ext 83 (0,10)] [najaf_synonym] خطای فاحش
[Sun Nov  8 14:54:00.996 2020] 0.035 sec 0.035 sec [ext/0/ext 83 (0,10)] [najaf_synonym] خطای فاحش
[Sun Nov  8 14:55:47.011 2020] 0.036 sec 0.036 sec [ext/0/ext 83 (0,10)] [najaf_stemmer] خطای فاحش
[Sun Nov  8 14:56:02.555 2020] 0.035 sec 0.035 sec [ext/0/ext 83 (0,10)] [najaf_stemmer] خطای فاحش
[Sun Nov  8 14:56:12.907 2020] 0.029 sec 0.029 sec [ext/0/ext 83 (0,10)] [najaf_synonym] خطای فاحش
[Sun Nov  8 14:56:22.856 2020] 0.037 sec 0.037 sec [ext/0/ext 83 (0,10)] [najaf_synonym_stemmer] خطای فاحش
[Sun Nov  8 15:00:22.129 2020] 0.065 sec 0.065 sec [ext/0/ext 8421 (0,10)] [najaf_synonym_stemmer] انسان بزرگ
[Sun Nov  8 15:00:47.054 2020] 0.402 sec 0.402 sec [ext/0/ext 6914 (0,10)] [najaf_simple] انسان بزرگ
[Sun Nov  8 15:00:55.098 2020] 0.375 sec 0.375 sec [ext/0/ext 8421 (0,10)] [najaf_synonym] انسان بزرگ
[Sun Nov  8 15:01:03.098 2020] 0.447 sec 0.447 sec [ext/0/ext 8421 (0,10)] [najaf_stemmer] انسان بزرگ
[Sun Nov  8 15:01:08.363 2020] 0.062 sec 0.062 sec [ext/0/ext 8421 (0,10)] [najaf_stemmer] انسان بزرگ
[Mon Nov  9 11:06:16.226 2020] 4.646 sec 4.646 sec [ext/0/ext 230560 (0,10)] [najaf_simple] سلام | بر | شما
[Mon Nov  9 11:06:39.770 2020] 0.110 sec 0.110 sec [ext/0/ext 230560 (0,10)] [najaf_simple] سلام | بر | شما
[Mon Nov  9 11:06:45.909 2020] 0.096 sec 0.096 sec [ext/0/ext 230560 (0,10)] [najaf_simple] سلام | بر | شما
[Mon Nov  9 11:10:45.468 2020] 0.058 sec 0.058 sec [ext/0/ext 230560 (0,0)] [najaf_simple] سلام | بر | شما
[Mon Nov  9 11:11:17.420 2020] 0.278 sec 0.278 sec [ext/0/ext 2429 (0,10)] [najaf_simple] سلام بر شما
[Mon Nov  9 11:14:42.531 2020] 0.235 sec 0.235 sec [ext/0/ext 230560 (1000,0)] [najaf_simple] سلام | بر | شما
[Mon Nov  9 11:14:45.337 2020] 0.096 sec 0.096 sec [ext/0/ext 230560 (1000,0)] [najaf_simple] سلام | بر | شما
[Mon Nov  9 11:14:58.039 2020] 0.106 sec 0.106 sec [ext/0/ext 230560 (1000,1)] [najaf_simple] سلام | بر | شما
[Mon Nov  9 11:28:57.419 2020] 0.533 sec 0.533 sec [ext/0/ext 1 (0,10)] [najaf_simple] هفته ی پیش با این شبکه وهابی تماس گرفتم و از آقای اکرمی سوال کردم از رحلت
[Mon Nov  9 11:29:50.420 2020] 0.001 sec 0.001 sec [ext/0/ext 0 (0,10)] [najaf_simple] هفته ی پیش با این شبکه وهابی تماس گرفتم و از آقای اکرمی پرسش شکردم از رحلت
[Mon Nov  9 11:29:57.977 2020] 0.026 sec 0.026 sec [ext/0/ext 0 (0,10)] [najaf_simple] هفته ی پیش با این شبکه وهابی تماس گرفتم و از آقای اکرمی پرسش کردم از رحلت
[Mon Nov  9 11:29:58.244 2020] 0.001 sec 0.001 sec [ext/0/ext 0 (0,10)] [najaf_simple] هفته ی پیش با این شبکه وهابی تماس گرفتم و از آقای اکرمی پرسش کردم از رحلت
[Mon Nov  9 11:30:03.850 2020] 0.008 sec 0.008 sec [ext/0/ext 1 (0,10)] [najaf_simple] هفته ی پیش با این شبکه وهابی تماس گرفتم و از آقای اکرمی کردم از رحلت
[Mon Nov  9 11:30:15.201 2020] 0.000 sec 0.000 sec [ext/0/ext 0 (0,10)] [najaf_simple] سلام بر سشبیسبشسی
[Mon Nov  9 11:30:19.750 2020] 0.000 sec 0.000 sec [ext/0/ext 0 (0,10)] [najaf_simple] سلام بر سشبیسبشسی
[Mon Nov  9 11:30:21.154 2020] 0.000 sec 0.000 sec [ext/0/ext 0 (0,10)] [najaf_simple] سلام بر سشبیسبشسی
[Mon Nov  9 11:30:22.194 2020] 0.000 sec 0.000 sec [ext/0/ext 0 (0,10)] [najaf_simple] سلام بر سشبیسبشسی
[Mon Nov  9 11:30:22.568 2020] 0.000 sec 0.000 sec [ext/0/ext 0 (0,10)] [najaf_simple] سلام بر سشبیسبشسی
[Mon Nov  9 11:30:22.961 2020] 0.000 sec 0.000 sec [ext/0/ext 0 (0,10)] [najaf_simple] سلام بر سشبیسبشسی
[Mon Nov  9 11:30:23.040 2020] 0.000 sec 0.000 sec [ext/0/ext 0 (0,10)] [najaf_simple] سلام بر سشبیسبشسی
[Mon Nov  9 11:32:47.860 2020] 0.241 sec 0.241 sec [ext/0/ext 219891 (0,10)] [najaf_simple] سلام | بر | سیشیشیسبی
[Mon Nov  9 11:33:27.137 2020] 0.248 sec 0.248 sec [ext/0/ext 230560 (0,10)] [najaf_simple] سلام | بر | شیسشبسب | شما
[Mon Nov  9 11:33:44.330 2020] 0.203 sec 0.203 sec [ext/0/ext 230560 (0,10)] [najaf_simple] سلام | بر | شما
[Mon Nov  9 11:36:05.279 2020] 0.650 sec 0.650 sec [ext/0/ext 135318 (0,10)] [najaf_simple] کتاب خدا || الله
[Mon Nov  9 11:37:05.395 2020] 0.333 sec 0.333 sec [ext/0/ext 1466 (0,10)] [najaf_simple] اشتباه || خطا  فاحش || آشکار
[Mon Nov  9 11:37:49.328 2020] 0.040 sec 0.040 sec [ext/0/ext 1466 (0,10)] [najaf_simple] (اشتباه || خطا)  (فاحش || آشکار)
[Mon Nov  9 11:37:56.730 2020] 0.031 sec 0.031 sec [ext/0/ext 1466 (0,10)] [najaf_simple] (اشتباه || خطا)  (فاحش || آشکار)
[Mon Nov  9 11:38:30.155 2020] 0.030 sec 0.030 sec [ext/0/ext 1466 (0,10)] [najaf_simple] اشتباه || خطا فاحش || آشکار
[Mon Nov  9 11:38:37.857 2020] 0.040 sec 0.040 sec [ext/0/ext 1466 (0,10)] [najaf_simple] اشتباه || خطا فاحش || آشکار
[Mon Nov  9 11:40:09.450 2020] 0.367 sec 0.367 sec [ext/0/ext 256 (0,10)] [najaf_simple] پرندگان || مرغان در آسمان
