Sphinx 3.3.1 (commit b72d67b)
Copyright (c) 2001-2020, Andrew Aksyonoff
Copyright (c) 2008-2016, Sphinx Technologies Inc (http://sphinxsearch.com)

using config file '/home/sphinx/sphinx/config/najaf.conf.dist'...
indexing index 'najaf_simple'...
collected 1703871 docs, 4328.5 MB
sorted 473.8 Mhits, 100.0% done
total 1703871 docs, 4.329 Gb
total 424.1 sec, 10.21 Mb/sec, 4017 docs/sec
indexing index 'najaf_stemmer'...
WARNING: index 'najaf_stemmer': duplicate wordform found ('میایند > آمد'). Fix your wordforms file '/home/sphinx/sphinx/data/persian_stemmer.txt'.
WARNING: index 'najaf_stemmer': duplicate wordform found ('آیات > آیه'). Fix your wordforms file '/home/sphinx/sphinx/data/persian_stemmer.txt'.
WARNING: index 'najaf_stemmer': duplicate wordform found ('ءایات > آیه'). Fix your wordforms file '/home/sphinx/sphinx/data/persian_stemmer.txt'.
WARNING: index 'najaf_stemmer': duplicate wordform found ('میاورند > آورد'). Fix your wordforms file '/home/sphinx/sphinx/data/persian_stemmer.txt'.
WARNING: index 'najaf_stemmer': duplicate wordform found ('انبیا > نبی'). Fix your wordforms file '/home/sphinx/sphinx/data/persian_stemmer.txt'.
WARNING: index 'najaf_stemmer': duplicate wordform found ('اعضا > عضو'). Fix your wordforms file '/home/sphinx/sphinx/data/persian_stemmer.txt'.
WARNING: index 'najaf_stemmer': duplicate wordform found ('آرا > رای'). Fix your wordforms file '/home/sphinx/sphinx/data/persian_stemmer.txt'.
WARNING: index 'najaf_stemmer': duplicate wordform found and overridden (current='اسراء > اسرائ', old='اسرا => سر'). Fix your wordforms file '/home/sphinx/sphinx/data/persian_stemmer.txt'.
WARNING: index 'najaf_stemmer': duplicate wordform found and overridden (current='علماء > علمائ', old='علما => عالم'). Fix your wordforms file '/home/sphinx/sphinx/data/persian_stemmer.txt'.
WARNING: index 'najaf_stemmer': duplicate wordform found ('آلات > آلت'). Fix your wordforms file '/home/sphinx/sphinx/data/persian_stemmer.txt'.
WARNING: index 'najaf_stemmer': duplicate wordform found and overridden (current='اشیا > اشیاء', old='اشيا => اشيائ'). Fix your wordforms file '/home/sphinx/sphinx/data/persian_stemmer.txt'.
WARNING: index 'najaf_stemmer': duplicate wordform found and overridden (current='اجزا > جزء', old='اجزا => اجزائ'). Fix your wordforms file '/home/sphinx/sphinx/data/persian_stemmer.txt'.
WARNING: index 'najaf_stemmer': duplicate wordform found and overridden (current='ایم > ای', old='ايم => امد'). Fix your wordforms file '/home/sphinx/sphinx/data/persian_stemmer.txt'.
WARNING: index 'najaf_stemmer': duplicate wordform found ('ایی > ای'). Fix your wordforms file '/home/sphinx/sphinx/data/persian_stemmer.txt'.
WARNING: index 'najaf_stemmer': duplicate wordform found ('انش > ان'). Fix your wordforms file '/home/sphinx/sphinx/data/persian_stemmer.txt'.
WARNING: index 'najaf_stemmer': duplicate wordform found ('انم > ان'). Fix your wordforms file '/home/sphinx/sphinx/data/persian_stemmer.txt'.
WARNING: index 'najaf_stemmer': duplicate wordform found ('انها > ان'). Fix your wordforms file '/home/sphinx/sphinx/data/persian_stemmer.txt'.
WARNING: index 'najaf_stemmer': duplicate wordform found and overridden (current='فقهاء > فقهائ', old='فقها => فقيه'). Fix your wordforms file '/home/sphinx/sphinx/data/persian_stemmer.txt'.
WARNING: index 'najaf_stemmer': duplicate wordform found and overridden (current='شعرا > شاعر', old='شعرا => شعرائ'). Fix your wordforms file '/home/sphinx/sphinx/data/persian_stemmer.txt'.
WARNING: index 'najaf_stemmer': duplicate wordform found ('افات > آفت'). Fix your wordforms file '/home/sphinx/sphinx/data/persian_stemmer.txt'.
WARNING: index 'najaf_stemmer': duplicate wordform found and overridden (current='آفتی > آفت', old='افتي => افتاد'). Fix your wordforms file '/home/sphinx/sphinx/data/persian_stemmer.txt'.
WARNING: index 'najaf_stemmer': duplicate wordform found and overridden (current='شهداء > شهدائ', old='شهدا => شهيد'). Fix your wordforms file '/home/sphinx/sphinx/data/persian_stemmer.txt'.
WARNING: index 'najaf_stemmer': duplicate wordform found and overridden (current='فقراء > فقرائ', old='فقرا => فقير'). Fix your wordforms file '/home/sphinx/sphinx/data/persian_stemmer.txt'.
WARNING: index 'najaf_stemmer': duplicate wordform found ('ابها > اب'). Fix your wordforms file '/home/sphinx/sphinx/data/persian_stemmer.txt'.
WARNING: index 'najaf_stemmer': duplicate wordform found ('ابت > اب'). Fix your wordforms file '/home/sphinx/sphinx/data/persian_stemmer.txt'.
WARNING: index 'najaf_stemmer': duplicate wordform found and overridden (current='وزراء > وزرائ', old='وزرا => وزير'). Fix your wordforms file '/home/sphinx/sphinx/data/persian_stemmer.txt'.
WARNING: index 'najaf_stemmer': duplicate wordform found and overridden (current='اقای > اق', old='اقاي => اقا'). Fix your wordforms file '/home/sphinx/sphinx/data/persian_stemmer.txt'.
WARNING: index 'najaf_stemmer': duplicate wordform found and overridden (current='آیتان > آیت', old='ايتان => اي'). Fix your wordforms file '/home/sphinx/sphinx/data/persian_stemmer.txt'.
WARNING: index 'najaf_stemmer': duplicate wordform found and overridden (current='بشی > بش', old='بشي => بشيئ'). Fix your wordforms file '/home/sphinx/sphinx/data/persian_stemmer.txt'.
WARNING: index 'najaf_stemmer': duplicate wordform found and overridden (current='الام > الا', old='الام => الود'). Fix your wordforms file '/home/sphinx/sphinx/data/persian_stemmer.txt'.
WARNING: index 'najaf_stemmer': duplicate wordform found and overridden (current='ولاء > ولائ', old='ولا => ولا'). Fix your wordforms file '/home/sphinx/sphinx/data/persian_stemmer.txt'.
WARNING: index 'najaf_stemmer': duplicate wordform found and overridden (current='آوای > آوا', old='اواي => او'). Fix your wordforms file '/home/sphinx/sphinx/data/persian_stemmer.txt'.
WARNING: index 'najaf_stemmer': duplicate wordform found and overridden (current='آیهء > آیهئ', old='ايه => ئايه'). Fix your wordforms file '/home/sphinx/sphinx/data/persian_stemmer.txt'.
WARNING: index 'najaf_stemmer': duplicate wordform found and overridden (current='عقلاء > عقلائ', old='عقلا => عاقل'). Fix your wordforms file '/home/sphinx/sphinx/data/persian_stemmer.txt'.
WARNING: index 'najaf_stemmer': duplicate wordform found ('امریکاست > امریکا'). Fix your wordforms file '/home/sphinx/sphinx/data/persian_stemmer.txt'.
WARNING: index 'najaf_stemmer': duplicate wordform found ('امریکای > امریکا'). Fix your wordforms file '/home/sphinx/sphinx/data/persian_stemmer.txt'.
WARNING: index 'najaf_stemmer': duplicate wordform found and overridden (current='آلاء > آلائ', old='الا => الا'). Fix your wordforms file '/home/sphinx/sphinx/data/persian_stemmer.txt'.
WARNING: index 'najaf_stemmer': duplicate wordform found ('آتیت > آتی'). Fix your wordforms file '/home/sphinx/sphinx/data/persian_stemmer.txt'.
WARNING: index 'najaf_stemmer': duplicate wordform found ('آتیناکم > آتی'). Fix your wordforms file '/home/sphinx/sphinx/data/persian_stemmer.txt'.
WARNING: index 'najaf_stemmer': duplicate wordform found and overridden (current='امراء > امرائ', old='امرا => امير'). Fix your wordforms file '/home/sphinx/sphinx/data/persian_stemmer.txt'.
WARNING: index 'najaf_stemmer': duplicate wordform found and overridden (current='همهء > همهئ', old='همه => همت'). Fix your wordforms file '/home/sphinx/sphinx/data/persian_stemmer.txt'.
WARNING: index 'najaf_stemmer': duplicate wordform found ('آمران > آمر'). Fix your wordforms file '/home/sphinx/sphinx/data/persian_stemmer.txt'.
WARNING: index 'najaf_stemmer': duplicate wordform found ('آمرین > آمر'). Fix your wordforms file '/home/sphinx/sphinx/data/persian_stemmer.txt'.
WARNING: index 'najaf_stemmer': duplicate wordform found and overridden (current='فضلاء > فضلائ', old='فضلا => فاضل'). Fix your wordforms file '/home/sphinx/sphinx/data/persian_stemmer.txt'.
WARNING: index 'najaf_stemmer': duplicate wordform found and overridden (current='امناء > امنائ', old='امنا => ئامنا'). Fix your wordforms file '/home/sphinx/sphinx/data/persian_stemmer.txt'.
WARNING: index 'najaf_stemmer': duplicate wordform found ('فرآیندهایی > فرآیند'). Fix your wordforms file '/home/sphinx/sphinx/data/persian_stemmer.txt'.
WARNING: index 'najaf_stemmer': duplicate wordform found ('فرآیندها > فرآیند'). Fix your wordforms file '/home/sphinx/sphinx/data/persian_stemmer.txt'.
WARNING: index 'najaf_stemmer': duplicate wordform found ('فرآیندی > فرآیند'). Fix your wordforms file '/home/sphinx/sphinx/data/persian_stemmer.txt'.
WARNING: index 'najaf_stemmer': duplicate wordform found ('فرآیندهای > فرآیند'). Fix your wordforms file '/home/sphinx/sphinx/data/persian_stemmer.txt'.
WARNING: index 'najaf_stemmer': duplicate wordform found ('ابروهای > ابرو'). Fix your wordforms file '/home/sphinx/sphinx/data/persian_stemmer.txt'.
WARNING: index 'najaf_stemmer': duplicate wordform found ('ابروها > ابرو'). Fix your wordforms file '/home/sphinx/sphinx/data/persian_stemmer.txt'.
WARNING: index 'najaf_stemmer': duplicate wordform found ('ابروی > ابرو'). Fix your wordforms file '/home/sphinx/sphinx/data/persian_stemmer.txt'.
WARNING: index 'najaf_stemmer': duplicate wordform found ('ابروست > ابرو'). Fix your wordforms file '/home/sphinx/sphinx/data/persian_stemmer.txt'.
WARNING: index 'najaf_stemmer': duplicate wordform found ('ابرویت > ابرو'). Fix your wordforms file '/home/sphinx/sphinx/data/persian_stemmer.txt'.
WARNING: index 'najaf_stemmer': duplicate wordform found ('ابرویش > ابرو'). Fix your wordforms file '/home/sphinx/sphinx/data/persian_stemmer.txt'.
WARNING: index 'najaf_stemmer': duplicate wordform found and overridden (current='ائنا > انا', old='ائنا => ائنا'). Fix your wordforms file '/home/sphinx/sphinx/data/persian_stemmer.txt'.
WARNING: index 'najaf_stemmer': duplicate wordform found ('افریقای > افریقا'). Fix your wordforms file '/home/sphinx/sphinx/data/persian_stemmer.txt'.
WARNING: index 'najaf_stemmer': duplicate wordform found and overridden (current='وکلاء > وکلائ', old='وكلا => وكيل'). Fix your wordforms file '/home/sphinx/sphinx/data/persian_stemmer.txt'.
WARNING: index 'najaf_stemmer': duplicate wordform found ('جآء > جآئ'). Fix your wordforms file '/home/sphinx/sphinx/data/persian_stemmer.txt'.
WARNING: index 'najaf_stemmer': duplicate wordform found ('یشآء > یشآئ'). Fix your wordforms file '/home/sphinx/sphinx/data/persian_stemmer.txt'.
WARNING: index 'najaf_stemmer': duplicate wordform found ('اباء > ابائ'). Fix your wordforms file '/home/sphinx/sphinx/data/persian_stemmer.txt'.
WARNING: index 'najaf_stemmer': duplicate wordform found and overridden (current='الها > اله', old='الها => ال'). Fix your wordforms file '/home/sphinx/sphinx/data/persian_stemmer.txt'.
WARNING: index 'najaf_stemmer': duplicate wordform found ('الاء > الائ'). Fix your wordforms file '/home/sphinx/sphinx/data/persian_stemmer.txt'.
WARNING: index 'najaf_stemmer': duplicate wordform found and overridden (current='اساء > اسائ', old='اسا => اسود'). Fix your wordforms file '/home/sphinx/sphinx/data/persian_stemmer.txt'.
WARNING: index 'najaf_stemmer': duplicate wordform found ('مآء > مآئ'). Fix your wordforms file '/home/sphinx/sphinx/data/persian_stemmer.txt'.
WARNING: index 'najaf_stemmer': duplicate wordform found and overridden (current='اولیآء > اولیآئ', old='اوليا => ولي'). Fix your wordforms file '/home/sphinx/sphinx/data/persian_stemmer.txt'.
WARNING: index 'najaf_stemmer': duplicate wordform found ('ابای > ابا'). Fix your wordforms file '/home/sphinx/sphinx/data/persian_stemmer.txt'.
WARNING: index 'najaf_stemmer': duplicate wordform found ('اناء > انائ'). Fix your wordforms file '/home/sphinx/sphinx/data/persian_stemmer.txt'.
WARNING: index 'najaf_stemmer': duplicate wordform found ('الاراء > الارائ'). Fix your wordforms file '/home/sphinx/sphinx/data/persian_stemmer.txt'.
WARNING: index 'najaf_stemmer': duplicate wordform found and overridden (current='رئاء > رئائ', old='رئا => رئا'). Fix your wordforms file '/home/sphinx/sphinx/data/persian_stemmer.txt'.
WARNING: index 'najaf_stemmer': duplicate wordform found and overridden (current='ءایت > ئایت', old='ايت => ايت'). Fix your wordforms file '/home/sphinx/sphinx/data/persian_stemmer.txt'.
WARNING: index 'najaf_stemmer': duplicate wordform found and overridden (current='ادباء > ادبائ', old='ادبا => اديب'). Fix your wordforms file '/home/sphinx/sphinx/data/persian_stemmer.txt'.
WARNING: index 'najaf_stemmer': duplicate wordform found and overridden (current='جآءکم > جآئکم', old='جا كم => جائكم'). Fix your wordforms file '/home/sphinx/sphinx/data/persian_stemmer.txt'.
WARNING: index 'najaf_stemmer': duplicate wordform found and overridden (current='ادلهء > ادلهئ', old='ادله => دليل'). Fix your wordforms file '/home/sphinx/sphinx/data/persian_stemmer.txt'.
WARNING: index 'najaf_stemmer': duplicate wordform found and overridden (current='سفهاء > سفهائ', old='سفها => سفيه'). Fix your wordforms file '/home/sphinx/sphinx/data/persian_stemmer.txt'.
WARNING: index 'najaf_stemmer': duplicate wordform found ('ابتغآء > ابتغآئ'). Fix your wordforms file '/home/sphinx/sphinx/data/persian_stemmer.txt'.
WARNING: index 'najaf_stemmer': duplicate wordform found and overridden (current='زاء > زائ', old='زا => زاييد'). Fix your wordforms file '/home/sphinx/sphinx/data/persian_stemmer.txt'.
WARNING: index 'najaf_stemmer': duplicate wordform found ('آجرهای > آجر'). Fix your wordforms file '/home/sphinx/sphinx/data/persian_stemmer.txt'.
WARNING: index 'najaf_stemmer': duplicate wordform found ('آجرها > آجر'). Fix your wordforms file '/home/sphinx/sphinx/data/persian_stemmer.txt'.
WARNING: index 'najaf_stemmer': duplicate wordform found and overridden (current='ءامنت > ئامنت', old='امنت => امن'). Fix your wordforms file '/home/sphinx/sphinx/data/persian_stemmer.txt'.
WARNING: index 'najaf_stemmer': duplicate wordform found and overridden (current='رفقاء > رفقائ', old='رفقا => رفيق'). Fix your wordforms file '/home/sphinx/sphinx/data/persian_stemmer.txt'.
WARNING: index 'najaf_stemmer': duplicate wordform found and overridden (current='شییء > شییئ', old='شيي => شي'). Fix your wordforms file '/home/sphinx/sphinx/data/persian_stemmer.txt'.
WARNING: index 'najaf_stemmer': duplicate wordform found ('الآباء > الآبائ'). Fix your wordforms file '/home/sphinx/sphinx/data/persian_stemmer.txt'.
WARNING: index 'najaf_stemmer': duplicate wordform found and overridden (current='تفیء > تفیئ', old='تفي => تف'). Fix your wordforms file '/home/sphinx/sphinx/data/persian_stemmer.txt'.
WARNING: index 'najaf_stemmer': duplicate wordform found ('آمریکاییان > آمریکایی'). Fix your wordforms file '/home/sphinx/sphinx/data/persian_stemmer.txt'.
WARNING: index 'najaf_stemmer': duplicate wordform found ('آمریکاییها > آمریکایی'). Fix your wordforms file '/home/sphinx/sphinx/data/persian_stemmer.txt'.
WARNING: index 'najaf_stemmer': duplicate wordform found ('جزآء > جزآئ'). Fix your wordforms file '/home/sphinx/sphinx/data/persian_stemmer.txt'.
WARNING: index 'najaf_stemmer': duplicate wordform found and overridden (current='ءامنین > ئامنین', old='امنين => ئامنت'). Fix your wordforms file '/home/sphinx/sphinx/data/persian_stemmer.txt'.
WARNING: index 'najaf_stemmer': duplicate wordform found ('شرکآء > شرکآئ'). Fix your wordforms file '/home/sphinx/sphinx/data/persian_stemmer.txt'.
WARNING: index 'najaf_stemmer': duplicate wordform found and overridden (current='الهاء > الهائ', old='الها => اله'). Fix your wordforms file '/home/sphinx/sphinx/data/persian_stemmer.txt'.
WARNING: index 'najaf_stemmer': duplicate wordform found and overridden (current='امریت > امری', old='امريت => امر'). Fix your wordforms file '/home/sphinx/sphinx/data/persian_stemmer.txt'.
WARNING: index 'najaf_stemmer': duplicate wordform found and overridden (current='جآءک > جآئک', old='جا ك => جائك'). Fix your wordforms file '/home/sphinx/sphinx/data/persian_stemmer.txt'.
WARNING: index 'najaf_stemmer': duplicate wordform found and overridden (current='جآءت > جآئت', old='جا ت => جائت'). Fix your wordforms file '/home/sphinx/sphinx/data/persian_stemmer.txt'.
WARNING: index 'najaf_stemmer': duplicate wordform found ('سوآء > سوآئ'). Fix your wordforms file '/home/sphinx/sphinx/data/persian_stemmer.txt'.
WARNING: index 'najaf_stemmer': duplicate wordform found ('نشآء > نشآئ'). Fix your wordforms file '/home/sphinx/sphinx/data/persian_stemmer.txt'.
WARNING: index 'najaf_stemmer': duplicate wordform found ('تشآء > تشآئ'). Fix your wordforms file '/home/sphinx/sphinx/data/persian_stemmer.txt'.
WARNING: index 'najaf_stemmer': duplicate wordform found and overridden (current='ءاوی > ئاوی', old='اوي => اوا'). Fix your wordforms file '/home/sphinx/sphinx/data/persian_stemmer.txt'.
WARNING: index 'najaf_stemmer': duplicate wordform found ('هولآء > هولآئ'). Fix your wordforms file '/home/sphinx/sphinx/data/persian_stemmer.txt'.
WARNING: index 'najaf_stemmer': duplicate wordform found and overridden (current='ائمهء > ائمهئ', old='ائمه => امام'). Fix your wordforms file '/home/sphinx/sphinx/data/persian_stemmer.txt'.
WARNING: index 'najaf_stemmer': duplicate wordform found ('ورآء > ورآئ'). Fix your wordforms file '/home/sphinx/sphinx/data/persian_stemmer.txt'.
WARNING: index 'najaf_stemmer': duplicate wordform found and overridden (current='ءاناء > ئانائ', old='انا => انائ'). Fix your wordforms file '/home/sphinx/sphinx/data/persian_stemmer.txt'.
WARNING: index 'najaf_stemmer': duplicate wordform found and overridden (current='امریء > امریئ', old='امري => امري'). Fix your wordforms file '/home/sphinx/sphinx/data/persian_stemmer.txt'.
WARNING: index 'najaf_stemmer': duplicate wordform found ('لقآء > لقآئ'). Fix your wordforms file '/home/sphinx/sphinx/data/persian_stemmer.txt'.
WARNING: index 'najaf_stemmer': duplicate wordform found ('شهدآء > شهدآئ'). Fix your wordforms file '/home/sphinx/sphinx/data/persian_stemmer.txt'.
WARNING: index 'najaf_stemmer': duplicate wordform found ('الدعآء > الدعآئ'). Fix your wordforms file '/home/sphinx/sphinx/data/persian_stemmer.txt'.
WARNING: index 'najaf_stemmer': duplicate wordform found and overridden (current='نشوء > نشوئ', old='نشو => شد'). Fix your wordforms file '/home/sphinx/sphinx/data/persian_stemmer.txt'.
WARNING: index 'najaf_stemmer': duplicate wordform found ('الفحشآء > الفحشآئ'). Fix your wordforms file '/home/sphinx/sphinx/data/persian_stemmer.txt'.
WARNING: index 'najaf_stemmer': duplicate wordform found and overridden (current='ءانا > ئانا', old='انا => ئانائ'). Fix your wordforms file '/home/sphinx/sphinx/data/persian_stemmer.txt'.
WARNING: index 'najaf_stemmer': duplicate wordform found ('البلآء > البلآئ'). Fix your wordforms file '/home/sphinx/sphinx/data/persian_stemmer.txt'.
WARNING: index 'najaf_stemmer': duplicate wordform found ('آزین > آز'). Fix your wordforms file '/home/sphinx/sphinx/data/persian_stemmer.txt'.
WARNING: index 'najaf_stemmer': duplicate wordform found and overridden (current='اباءنا > ابائنا', old='ابا نا => ابائنا'). Fix your wordforms file '/home/sphinx/sphinx/data/persian_stemmer.txt'.
WARNING: index 'najaf_stemmer': duplicate wordform found and overridden (current='ابنآءنا > ابنآئنا', old='ابنا نا => ابنائنا'). Fix your wordforms file '/home/sphinx/sphinx/data/persian_stemmer.txt'.
WARNING: index 'najaf_stemmer': duplicate wordform found and overridden (current='الفیء > الفیئ', old='الفي => الف'). Fix your wordforms file '/home/sphinx/sphinx/data/persian_stemmer.txt'.
WARNING: index 'najaf_stemmer': duplicate wordform found ('والنسآء > والنسآئ'). Fix your wordforms file '/home/sphinx/sphinx/data/persian_stemmer.txt'.
WARNING: index 'najaf_stemmer': duplicate wordform found ('العلمآء > العلمآئ'). Fix your wordforms file '/home/sphinx/sphinx/data/persian_stemmer.txt'.
WARNING: index 'najaf_stemmer': duplicate wordform found and overridden (current='اسای > اسا', old='اساي => اسائ'). Fix your wordforms file '/home/sphinx/sphinx/data/persian_stemmer.txt'.
WARNING: index 'najaf_stemmer': duplicate wordform found ('الاشیآء > الاشیآئ'). Fix your wordforms file '/home/sphinx/sphinx/data/persian_stemmer.txt'.
WARNING: index 'najaf_stemmer': duplicate wordform found ('فقرآء > فقرآئ'). Fix your wordforms file '/home/sphinx/sphinx/data/persian_stemmer.txt'.
WARNING: index 'najaf_stemmer': duplicate wordform found ('السفهآء > السفهآئ'). Fix your wordforms file '/home/sphinx/sphinx/data/persian_stemmer.txt'.
WARNING: index 'najaf_stemmer': duplicate wordform found ('آخی > آخ'). Fix your wordforms file '/home/sphinx/sphinx/data/persian_stemmer.txt'.
WARNING: index 'najaf_stemmer': duplicate wordform found ('ونسآء > ونسآئ'). Fix your wordforms file '/home/sphinx/sphinx/data/persian_stemmer.txt'.
WARNING: index 'najaf_stemmer': duplicate wordform found ('الشهدآء > الشهدآئ'). Fix your wordforms file '/home/sphinx/sphinx/data/persian_stemmer.txt'.
WARNING: index 'najaf_stemmer': duplicate wordform found and overridden (current='دهندهء > دهندهئ', old='دهنده => ده'). Fix your wordforms file '/home/sphinx/sphinx/data/persian_stemmer.txt'.
WARNING: index 'najaf_stemmer': duplicate wordform found and overridden (current='وفقهاء > وفقهائ', old='وفقها => وفق'). Fix your wordforms file '/home/sphinx/sphinx/data/persian_stemmer.txt'.
WARNING: index 'najaf_stemmer': duplicate wordform found ('والبغضآء > والبغضآئ'). Fix your wordforms file '/home/sphinx/sphinx/data/persian_stemmer.txt'.
WARNING: index 'najaf_stemmer': duplicate wordform found ('الضرآء > الضرآئ'). Fix your wordforms file '/home/sphinx/sphinx/data/persian_stemmer.txt'.
WARNING: index 'najaf_stemmer': duplicate wordform found ('عطآء > عطآئ'). Fix your wordforms file '/home/sphinx/sphinx/data/persian_stemmer.txt'.
WARNING: index 'najaf_stemmer': duplicate wordform found ('وجآء > وجآئ'). Fix your wordforms file '/home/sphinx/sphinx/data/persian_stemmer.txt'.
WARNING: index 'najaf_stemmer': duplicate wordform found ('سآء > سآئ'). Fix your wordforms file '/home/sphinx/sphinx/data/persian_stemmer.txt'.
WARNING: index 'najaf_stemmer': duplicate wordform found and overridden (current='بالشیء > بالشیئ', old='بالشي => بالش'). Fix your wordforms file '/home/sphinx/sphinx/data/persian_stemmer.txt'.
WARNING: index 'najaf_stemmer': duplicate wordform found ('برآء > برآئ'). Fix your wordforms file '/home/sphinx/sphinx/data/persian_stemmer.txt'.
WARNING: index 'najaf_stemmer': duplicate wordform found and overridden (current='جآءتکم > جآئتکم', old='جا تكم => جائتكم'). Fix your wordforms file '/home/sphinx/sphinx/data/persian_stemmer.txt'.
WARNING: index 'najaf_stemmer': duplicate wordform found and overridden (current='وابنآءکم > وابنآئکم', old='وابنا كم => وابنائكم'). Fix your wordforms file '/home/sphinx/sphinx/data/persian_stemmer.txt'.
WARNING: index 'najaf_stemmer': duplicate wordform found ('الاسمآء > الاسمآئ'). Fix your wordforms file '/home/sphinx/sphinx/data/persian_stemmer.txt'.
WARNING: index 'najaf_stemmer': duplicate wordform found and overridden (current='جآءوک > جآئوک', old='جا وك => جائوك'). Fix your wordforms file '/home/sphinx/sphinx/data/persian_stemmer.txt'.
WARNING: index 'najaf_stemmer': duplicate wordform found and overridden (current='جآءنا > جآئنا', old='جا نا => جائنا'). Fix your wordforms file '/home/sphinx/sphinx/data/persian_stemmer.txt'.
WARNING: index 'najaf_stemmer': duplicate wordform found ('وللنسآء > وللنسآئ'). Fix your wordforms file '/home/sphinx/sphinx/data/persian_stemmer.txt'.
WARNING: index 'najaf_stemmer': duplicate wordform found and overridden (current='زعماء > زعمائ', old='زعما => زعيم'). Fix your wordforms file '/home/sphinx/sphinx/data/persian_stemmer.txt'.
WARNING: index 'najaf_stemmer': duplicate wordform found and overridden (current='وء > وئ', old='و => ئو'). Fix your wordforms file '/home/sphinx/sphinx/data/persian_stemmer.txt'.
WARNING: index 'najaf_stemmer': duplicate wordform found ('آشی > آش'). Fix your wordforms file '/home/sphinx/sphinx/data/persian_stemmer.txt'.
WARNING: index 'najaf_stemmer': duplicate wordform found and overridden (current='نسآءکم > نسآئکم', old='نسا كم => نسائكم'). Fix your wordforms file '/home/sphinx/sphinx/data/persian_stemmer.txt'.
WARNING: index 'najaf_stemmer': duplicate wordform found ('بالفحشآء > بالفحشآئ'). Fix your wordforms file '/home/sphinx/sphinx/data/persian_stemmer.txt'.
WARNING: index 'najaf_stemmer': duplicate wordform found ('بآء > بآئ'). Fix your wordforms file '/home/sphinx/sphinx/data/persian_stemmer.txt'.
WARNING: index 'najaf_stemmer': duplicate wordform found and overridden (current='وءاباوکم > وئاباوکم', old='و اباوكم => وئاباوكم'). Fix your wordforms file '/home/sphinx/sphinx/data/persian_stemmer.txt'.
WARNING: index 'najaf_stemmer': duplicate wordform found and overridden (current='جآءنی > جآئنی', old='جا ني => جائني'). Fix your wordforms file '/home/sphinx/sphinx/data/persian_stemmer.txt'.
WARNING: index 'najaf_stemmer': duplicate wordform found and overridden (current='لقآءنا > لقآئنا', old='لقا نا => لقائنا'). Fix your wordforms file '/home/sphinx/sphinx/data/persian_stemmer.txt'.
WARNING: index 'najaf_stemmer': duplicate wordform found ('رجآء > رجآئ'). Fix your wordforms file '/home/sphinx/sphinx/data/persian_stemmer.txt'.
WARNING: index 'najaf_stemmer': duplicate wordform found and overridden (current='ونسآءنا > ونسآئنا', old='ونسا نا => ونسائنا'). Fix your wordforms file '/home/sphinx/sphinx/data/persian_stemmer.txt'.
WARNING: index 'najaf_stemmer': duplicate wordform found and overridden (current='ونسآءکم > ونسآئکم', old='ونسا كم => ونسائكم'). Fix your wordforms file '/home/sphinx/sphinx/data/persian_stemmer.txt'.
WARNING: index 'najaf_stemmer': duplicate wordform found and overridden (current='اراء > ارائ', old='ارا => راي'). Fix your wordforms file '/home/sphinx/sphinx/data/persian_stemmer.txt'.
WARNING: index 'najaf_stemmer': duplicate wordform found and overridden (current='اولیآءه > اولیآئه', old='اوليا ه => اوليائه'). Fix your wordforms file '/home/sphinx/sphinx/data/persian_stemmer.txt'.
WARNING: index 'najaf_stemmer': duplicate wordform found and overridden (current='وفاءالوفا > وفائالوفا', old='وفا الوفا => وفائالوفائ'). Fix your wordforms file '/home/sphinx/sphinx/data/persian_stemmer.txt'.
WARNING: index 'najaf_stemmer': duplicate wordform found ('آکلها > آکل'). Fix your wordforms file '/home/sphinx/sphinx/data/persian_stemmer.txt'.
WARNING: index 'najaf_stemmer': duplicate wordform found ('کمآء > کمآئ'). Fix your wordforms file '/home/sphinx/sphinx/data/persian_stemmer.txt'.
WARNING: index 'najaf_stemmer': duplicate wordform found and overridden (current='وادرء > وادرئ', old='وادر => در'). Fix your wordforms file '/home/sphinx/sphinx/data/persian_stemmer.txt'.
WARNING: index 'najaf_stemmer': duplicate wordform found ('والشهدآء > والشهدآئ'). Fix your wordforms file '/home/sphinx/sphinx/data/persian_stemmer.txt'.
WARNING: index 'najaf_stemmer': duplicate wordform found ('الفقرآء > الفقرآئ'). Fix your wordforms file '/home/sphinx/sphinx/data/persian_stemmer.txt'.
WARNING: index 'najaf_stemmer': duplicate wordform found and overridden (current='انهاء > انهائ', old='انها => ان'). Fix your wordforms file '/home/sphinx/sphinx/data/persian_stemmer.txt'.
WARNING: index 'najaf_stemmer': duplicate wordform found ('الآلاء > الآلائ'). Fix your wordforms file '/home/sphinx/sphinx/data/persian_stemmer.txt'.
WARNING: index 'najaf_stemmer': duplicate wordform found ('بقآء > بقآئ'). Fix your wordforms file '/home/sphinx/sphinx/data/persian_stemmer.txt'.
WARNING: index 'najaf_stemmer': duplicate wordform found ('حمیرآء > حمیرآئ'). Fix your wordforms file '/home/sphinx/sphinx/data/persian_stemmer.txt'.
WARNING: index 'najaf_stemmer': duplicate wordform found and overridden (current='ابنآءکم > ابنآئکم', old='ابنا كم => ابنائكم'). Fix your wordforms file '/home/sphinx/sphinx/data/persian_stemmer.txt'.
WARNING: index 'najaf_stemmer': duplicate wordform found ('بلآء > بلآئ'). Fix your wordforms file '/home/sphinx/sphinx/data/persian_stemmer.txt'.
WARNING: index 'najaf_stemmer': duplicate wordform found ('احیآء > احیآئ'). Fix your wordforms file '/home/sphinx/sphinx/data/persian_stemmer.txt'.
WARNING: index 'najaf_stemmer': duplicate wordform found ('آفریقاییان > آفریقایی'). Fix your wordforms file '/home/sphinx/sphinx/data/persian_stemmer.txt'.
WARNING: index 'najaf_stemmer': duplicate wordform found ('اغنیآء > اغنیآئ'). Fix your wordforms file '/home/sphinx/sphinx/data/persian_stemmer.txt'.
WARNING: index 'najaf_stemmer': duplicate wordform found ('الضعفآء > الضعفآئ'). Fix your wordforms file '/home/sphinx/sphinx/data/persian_stemmer.txt'.
WARNING: index 'najaf_stemmer': duplicate wordform found and overridden (current='ءایتی > ئایتی', old='ايتي => ايت'). Fix your wordforms file '/home/sphinx/sphinx/data/persian_stemmer.txt'.
collected 1703871 docs, 4328.5 MB
sorted 473.0 Mhits, 100.0% done
total 1703871 docs, 4.329 Gb
total 592.8 sec, 7.302 Mb/sec, 2874 docs/sec
indexing index 'najaf_stopword'...
collected 1703871 docs, 4328.5 MB
sorted 412.2 Mhits, 100.0% done
total 1703871 docs, 4.329 Gb
total 441.4 sec, 9.806 Mb/sec, 3860 docs/sec
indexing index 'najaf_stemmer_stopword'...
collected 1703871 docs, 4328.5 MB
sorted 435.0 Mhits, 100.0% done
total 1703871 docs, 4.329 Gb
total 612.5 sec, 7.066 Mb/sec, 2781 docs/sec
WARNING: failed to open pid_file '/home/sphinx/sphinx/searchd.pid'.
WARNING: indices NOT rotated.
Sphinx 3.3.1 (commit b72d67b)
Copyright (c) 2001-2020, Andrew Aksyonoff
Copyright (c) 2008-2016, Sphinx Technologies Inc (http://sphinxsearch.com)

using config file '/home/sphinx/sphinx/config/najaf_alpha.conf.dist'...
indexing index 'najaf_simple'...
collected 10049781 docs, 25540.6 MB
sorted 2799.9 Mhits, 100.0% done
total 10049781 docs, 25.54 Gb
total 3832.5 sec, 6.664 Mb/sec, 2622 docs/sec
indexing index 'najaf_stemmer'...
WARNING: index 'najaf_stemmer': duplicate wordform found ('میایند > آمد'). Fix your wordforms file '/home/sphinx/sphinx/data/persian_stemmer.txt'.
WARNING: index 'najaf_stemmer': duplicate wordform found ('آیات > آیه'). Fix your wordforms file '/home/sphinx/sphinx/data/persian_stemmer.txt'.
WARNING: index 'najaf_stemmer': duplicate wordform found ('ءایات > آیه'). Fix your wordforms file '/home/sphinx/sphinx/data/persian_stemmer.txt'.
WARNING: index 'najaf_stemmer': duplicate wordform found ('میاورند > آورد'). Fix your wordforms file '/home/sphinx/sphinx/data/persian_stemmer.txt'.
WARNING: index 'najaf_stemmer': duplicate wordform found ('انبیا > نبی'). Fix your wordforms file '/home/sphinx/sphinx/data/persian_stemmer.txt'.
WARNING: index 'najaf_stemmer': duplicate wordform found ('اعضا > عضو'). Fix your wordforms file '/home/sphinx/sphinx/data/persian_stemmer.txt'.
WARNING: index 'najaf_stemmer': duplicate wordform found ('آرا > رای'). Fix your wordforms file '/home/sphinx/sphinx/data/persian_stemmer.txt'.
WARNING: index 'najaf_stemmer': duplicate wordform found and overridden (current='اسراء > اسرائ', old='اسرا => سر'). Fix your wordforms file '/home/sphinx/sphinx/data/persian_stemmer.txt'.
WARNING: index 'najaf_stemmer': duplicate wordform found and overridden (current='علماء > علمائ', old='علما => عالم'). Fix your wordforms file '/home/sphinx/sphinx/data/persian_stemmer.txt'.
WARNING: index 'najaf_stemmer': duplicate wordform found ('آلات > آلت'). Fix your wordforms file '/home/sphinx/sphinx/data/persian_stemmer.txt'.
WARNING: index 'najaf_stemmer': duplicate wordform found and overridden (current='اشیا > اشیاء', old='اشيا => اشيائ'). Fix your wordforms file '/home/sphinx/sphinx/data/persian_stemmer.txt'.
WARNING: index 'najaf_stemmer': duplicate wordform found and overridden (current='اجزا > جزء', old='اجزا => اجزائ'). Fix your wordforms file '/home/sphinx/sphinx/data/persian_stemmer.txt'.
WARNING: index 'najaf_stemmer': duplicate wordform found and overridden (current='ایم > ای', old='ايم => امد'). Fix your wordforms file '/home/sphinx/sphinx/data/persian_stemmer.txt'.
WARNING: index 'najaf_stemmer': duplicate wordform found ('ایی > ای'). Fix your wordforms file '/home/sphinx/sphinx/data/persian_stemmer.txt'.
WARNING: index 'najaf_stemmer': duplicate wordform found ('انش > ان'). Fix your wordforms file '/home/sphinx/sphinx/data/persian_stemmer.txt'.
WARNING: index 'najaf_stemmer': duplicate wordform found ('انم > ان'). Fix your wordforms file '/home/sphinx/sphinx/data/persian_stemmer.txt'.
WARNING: index 'najaf_stemmer': duplicate wordform found ('انها > ان'). Fix your wordforms file '/home/sphinx/sphinx/data/persian_stemmer.txt'.
WARNING: index 'najaf_stemmer': duplicate wordform found and overridden (current='فقهاء > فقهائ', old='فقها => فقيه'). Fix your wordforms file '/home/sphinx/sphinx/data/persian_stemmer.txt'.
WARNING: index 'najaf_stemmer': duplicate wordform found and overridden (current='شعرا > شاعر', old='شعرا => شعرائ'). Fix your wordforms file '/home/sphinx/sphinx/data/persian_stemmer.txt'.
WARNING: index 'najaf_stemmer': duplicate wordform found ('افات > آفت'). Fix your wordforms file '/home/sphinx/sphinx/data/persian_stemmer.txt'.
WARNING: index 'najaf_stemmer': duplicate wordform found and overridden (current='آفتی > آفت', old='افتي => افتاد'). Fix your wordforms file '/home/sphinx/sphinx/data/persian_stemmer.txt'.
WARNING: index 'najaf_stemmer': duplicate wordform found and overridden (current='شهداء > شهدائ', old='شهدا => شهيد'). Fix your wordforms file '/home/sphinx/sphinx/data/persian_stemmer.txt'.
WARNING: index 'najaf_stemmer': duplicate wordform found and overridden (current='فقراء > فقرائ', old='فقرا => فقير'). Fix your wordforms file '/home/sphinx/sphinx/data/persian_stemmer.txt'.
WARNING: index 'najaf_stemmer': duplicate wordform found ('ابها > اب'). Fix your wordforms file '/home/sphinx/sphinx/data/persian_stemmer.txt'.
WARNING: index 'najaf_stemmer': duplicate wordform found ('ابت > اب'). Fix your wordforms file '/home/sphinx/sphinx/data/persian_stemmer.txt'.
WARNING: index 'najaf_stemmer': duplicate wordform found and overridden (current='وزراء > وزرائ', old='وزرا => وزير'). Fix your wordforms file '/home/sphinx/sphinx/data/persian_stemmer.txt'.
WARNING: index 'najaf_stemmer': duplicate wordform found and overridden (current='اقای > اق', old='اقاي => اقا'). Fix your wordforms file '/home/sphinx/sphinx/data/persian_stemmer.txt'.
WARNING: index 'najaf_stemmer': duplicate wordform found and overridden (current='آیتان > آیت', old='ايتان => اي'). Fix your wordforms file '/home/sphinx/sphinx/data/persian_stemmer.txt'.
WARNING: index 'najaf_stemmer': duplicate wordform found and overridden (current='بشی > بش', old='بشي => بشيئ'). Fix your wordforms file '/home/sphinx/sphinx/data/persian_stemmer.txt'.
WARNING: index 'najaf_stemmer': duplicate wordform found and overridden (current='الام > الا', old='الام => الود'). Fix your wordforms file '/home/sphinx/sphinx/data/persian_stemmer.txt'.
WARNING: index 'najaf_stemmer': duplicate wordform found and overridden (current='ولاء > ولائ', old='ولا => ولا'). Fix your wordforms file '/home/sphinx/sphinx/data/persian_stemmer.txt'.
WARNING: index 'najaf_stemmer': duplicate wordform found and overridden (current='آوای > آوا', old='اواي => او'). Fix your wordforms file '/home/sphinx/sphinx/data/persian_stemmer.txt'.
WARNING: index 'najaf_stemmer': duplicate wordform found and overridden (current='آیهء > آیهئ', old='ايه => ئايه'). Fix your wordforms file '/home/sphinx/sphinx/data/persian_stemmer.txt'.
WARNING: index 'najaf_stemmer': duplicate wordform found and overridden (current='عقلاء > عقلائ', old='عقلا => عاقل'). Fix your wordforms file '/home/sphinx/sphinx/data/persian_stemmer.txt'.
WARNING: index 'najaf_stemmer': duplicate wordform found ('امریکاست > امریکا'). Fix your wordforms file '/home/sphinx/sphinx/data/persian_stemmer.txt'.
WARNING: index 'najaf_stemmer': duplicate wordform found ('امریکای > امریکا'). Fix your wordforms file '/home/sphinx/sphinx/data/persian_stemmer.txt'.
WARNING: index 'najaf_stemmer': duplicate wordform found and overridden (current='آلاء > آلائ', old='الا => الا'). Fix your wordforms file '/home/sphinx/sphinx/data/persian_stemmer.txt'.
WARNING: index 'najaf_stemmer': duplicate wordform found ('آتیت > آتی'). Fix your wordforms file '/home/sphinx/sphinx/data/persian_stemmer.txt'.
WARNING: index 'najaf_stemmer': duplicate wordform found ('آتیناکم > آتی'). Fix your wordforms file '/home/sphinx/sphinx/data/persian_stemmer.txt'.
WARNING: index 'najaf_stemmer': duplicate wordform found and overridden (current='امراء > امرائ', old='امرا => امير'). Fix your wordforms file '/home/sphinx/sphinx/data/persian_stemmer.txt'.
WARNING: index 'najaf_stemmer': duplicate wordform found and overridden (current='همهء > همهئ', old='همه => همت'). Fix your wordforms file '/home/sphinx/sphinx/data/persian_stemmer.txt'.
WARNING: index 'najaf_stemmer': duplicate wordform found ('آمران > آمر'). Fix your wordforms file '/home/sphinx/sphinx/data/persian_stemmer.txt'.
WARNING: index 'najaf_stemmer': duplicate wordform found ('آمرین > آمر'). Fix your wordforms file '/home/sphinx/sphinx/data/persian_stemmer.txt'.
WARNING: index 'najaf_stemmer': duplicate wordform found and overridden (current='فضلاء > فضلائ', old='فضلا => فاضل'). Fix your wordforms file '/home/sphinx/sphinx/data/persian_stemmer.txt'.
WARNING: index 'najaf_stemmer': duplicate wordform found and overridden (current='امناء > امنائ', old='امنا => ئامنا'). Fix your wordforms file '/home/sphinx/sphinx/data/persian_stemmer.txt'.
WARNING: index 'najaf_stemmer': duplicate wordform found ('فرآیندهایی > فرآیند'). Fix your wordforms file '/home/sphinx/sphinx/data/persian_stemmer.txt'.
WARNING: index 'najaf_stemmer': duplicate wordform found ('فرآیندها > فرآیند'). Fix your wordforms file '/home/sphinx/sphinx/data/persian_stemmer.txt'.
WARNING: index 'najaf_stemmer': duplicate wordform found ('فرآیندی > فرآیند'). Fix your wordforms file '/home/sphinx/sphinx/data/persian_stemmer.txt'.
WARNING: index 'najaf_stemmer': duplicate wordform found ('فرآیندهای > فرآیند'). Fix your wordforms file '/home/sphinx/sphinx/data/persian_stemmer.txt'.
WARNING: index 'najaf_stemmer': duplicate wordform found ('ابروهای > ابرو'). Fix your wordforms file '/home/sphinx/sphinx/data/persian_stemmer.txt'.
WARNING: index 'najaf_stemmer': duplicate wordform found ('ابروها > ابرو'). Fix your wordforms file '/home/sphinx/sphinx/data/persian_stemmer.txt'.
WARNING: index 'najaf_stemmer': duplicate wordform found ('ابروی > ابرو'). Fix your wordforms file '/home/sphinx/sphinx/data/persian_stemmer.txt'.
WARNING: index 'najaf_stemmer': duplicate wordform found ('ابروست > ابرو'). Fix your wordforms file '/home/sphinx/sphinx/data/persian_stemmer.txt'.
WARNING: index 'najaf_stemmer': duplicate wordform found ('ابرویت > ابرو'). Fix your wordforms file '/home/sphinx/sphinx/data/persian_stemmer.txt'.
WARNING: index 'najaf_stemmer': duplicate wordform found ('ابرویش > ابرو'). Fix your wordforms file '/home/sphinx/sphinx/data/persian_stemmer.txt'.
WARNING: index 'najaf_stemmer': duplicate wordform found and overridden (current='ائنا > انا', old='ائنا => ائنا'). Fix your wordforms file '/home/sphinx/sphinx/data/persian_stemmer.txt'.
WARNING: index 'najaf_stemmer': duplicate wordform found ('افریقای > افریقا'). Fix your wordforms file '/home/sphinx/sphinx/data/persian_stemmer.txt'.
WARNING: index 'najaf_stemmer': duplicate wordform found and overridden (current='وکلاء > وکلائ', old='وكلا => وكيل'). Fix your wordforms file '/home/sphinx/sphinx/data/persian_stemmer.txt'.
WARNING: index 'najaf_stemmer': duplicate wordform found ('جآء > جآئ'). Fix your wordforms file '/home/sphinx/sphinx/data/persian_stemmer.txt'.
WARNING: index 'najaf_stemmer': duplicate wordform found ('یشآء > یشآئ'). Fix your wordforms file '/home/sphinx/sphinx/data/persian_stemmer.txt'.
WARNING: index 'najaf_stemmer': duplicate wordform found ('اباء > ابائ'). Fix your wordforms file '/home/sphinx/sphinx/data/persian_stemmer.txt'.
WARNING: index 'najaf_stemmer': duplicate wordform found and overridden (current='الها > اله', old='الها => ال'). Fix your wordforms file '/home/sphinx/sphinx/data/persian_stemmer.txt'.
WARNING: index 'najaf_stemmer': duplicate wordform found ('الاء > الائ'). Fix your wordforms file '/home/sphinx/sphinx/data/persian_stemmer.txt'.
WARNING: index 'najaf_stemmer': duplicate wordform found and overridden (current='اساء > اسائ', old='اسا => اسود'). Fix your wordforms file '/home/sphinx/sphinx/data/persian_stemmer.txt'.
WARNING: index 'najaf_stemmer': duplicate wordform found ('مآء > مآئ'). Fix your wordforms file '/home/sphinx/sphinx/data/persian_stemmer.txt'.
WARNING: index 'najaf_stemmer': duplicate wordform found and overridden (current='اولیآء > اولیآئ', old='اوليا => ولي'). Fix your wordforms file '/home/sphinx/sphinx/data/persian_stemmer.txt'.
WARNING: index 'najaf_stemmer': duplicate wordform found ('ابای > ابا'). Fix your wordforms file '/home/sphinx/sphinx/data/persian_stemmer.txt'.
WARNING: index 'najaf_stemmer': duplicate wordform found ('اناء > انائ'). Fix your wordforms file '/home/sphinx/sphinx/data/persian_stemmer.txt'.
WARNING: index 'najaf_stemmer': duplicate wordform found ('الاراء > الارائ'). Fix your wordforms file '/home/sphinx/sphinx/data/persian_stemmer.txt'.
WARNING: index 'najaf_stemmer': duplicate wordform found and overridden (current='رئاء > رئائ', old='رئا => رئا'). Fix your wordforms file '/home/sphinx/sphinx/data/persian_stemmer.txt'.
WARNING: index 'najaf_stemmer': duplicate wordform found and overridden (current='ءایت > ئایت', old='ايت => ايت'). Fix your wordforms file '/home/sphinx/sphinx/data/persian_stemmer.txt'.
WARNING: index 'najaf_stemmer': duplicate wordform found and overridden (current='ادباء > ادبائ', old='ادبا => اديب'). Fix your wordforms file '/home/sphinx/sphinx/data/persian_stemmer.txt'.
WARNING: index 'najaf_stemmer': duplicate wordform found and overridden (current='جآءکم > جآئکم', old='جا كم => جائكم'). Fix your wordforms file '/home/sphinx/sphinx/data/persian_stemmer.txt'.
WARNING: index 'najaf_stemmer': duplicate wordform found and overridden (current='ادلهء > ادلهئ', old='ادله => دليل'). Fix your wordforms file '/home/sphinx/sphinx/data/persian_stemmer.txt'.
WARNING: index 'najaf_stemmer': duplicate wordform found and overridden (current='سفهاء > سفهائ', old='سفها => سفيه'). Fix your wordforms file '/home/sphinx/sphinx/data/persian_stemmer.txt'.
WARNING: index 'najaf_stemmer': duplicate wordform found ('ابتغآء > ابتغآئ'). Fix your wordforms file '/home/sphinx/sphinx/data/persian_stemmer.txt'.
WARNING: index 'najaf_stemmer': duplicate wordform found and overridden (current='زاء > زائ', old='زا => زاييد'). Fix your wordforms file '/home/sphinx/sphinx/data/persian_stemmer.txt'.
WARNING: index 'najaf_stemmer': duplicate wordform found ('آجرهای > آجر'). Fix your wordforms file '/home/sphinx/sphinx/data/persian_stemmer.txt'.
WARNING: index 'najaf_stemmer': duplicate wordform found ('آجرها > آجر'). Fix your wordforms file '/home/sphinx/sphinx/data/persian_stemmer.txt'.
WARNING: index 'najaf_stemmer': duplicate wordform found and overridden (current='ءامنت > ئامنت', old='امنت => امن'). Fix your wordforms file '/home/sphinx/sphinx/data/persian_stemmer.txt'.
WARNING: index 'najaf_stemmer': duplicate wordform found and overridden (current='رفقاء > رفقائ', old='رفقا => رفيق'). Fix your wordforms file '/home/sphinx/sphinx/data/persian_stemmer.txt'.
WARNING: index 'najaf_stemmer': duplicate wordform found and overridden (current='شییء > شییئ', old='شيي => شي'). Fix your wordforms file '/home/sphinx/sphinx/data/persian_stemmer.txt'.
WARNING: index 'najaf_stemmer': duplicate wordform found ('الآباء > الآبائ'). Fix your wordforms file '/home/sphinx/sphinx/data/persian_stemmer.txt'.
WARNING: index 'najaf_stemmer': duplicate wordform found and overridden (current='تفیء > تفیئ', old='تفي => تف'). Fix your wordforms file '/home/sphinx/sphinx/data/persian_stemmer.txt'.
WARNING: index 'najaf_stemmer': duplicate wordform found ('آمریکاییان > آمریکایی'). Fix your wordforms file '/home/sphinx/sphinx/data/persian_stemmer.txt'.
WARNING: index 'najaf_stemmer': duplicate wordform found ('آمریکاییها > آمریکایی'). Fix your wordforms file '/home/sphinx/sphinx/data/persian_stemmer.txt'.
WARNING: index 'najaf_stemmer': duplicate wordform found ('جزآء > جزآئ'). Fix your wordforms file '/home/sphinx/sphinx/data/persian_stemmer.txt'.
WARNING: index 'najaf_stemmer': duplicate wordform found and overridden (current='ءامنین > ئامنین', old='امنين => ئامنت'). Fix your wordforms file '/home/sphinx/sphinx/data/persian_stemmer.txt'.
WARNING: index 'najaf_stemmer': duplicate wordform found ('شرکآء > شرکآئ'). Fix your wordforms file '/home/sphinx/sphinx/data/persian_stemmer.txt'.
WARNING: index 'najaf_stemmer': duplicate wordform found and overridden (current='الهاء > الهائ', old='الها => اله'). Fix your wordforms file '/home/sphinx/sphinx/data/persian_stemmer.txt'.
WARNING: index 'najaf_stemmer': duplicate wordform found and overridden (current='امریت > امری', old='امريت => امر'). Fix your wordforms file '/home/sphinx/sphinx/data/persian_stemmer.txt'.
WARNING: index 'najaf_stemmer': duplicate wordform found and overridden (current='جآءک > جآئک', old='جا ك => جائك'). Fix your wordforms file '/home/sphinx/sphinx/data/persian_stemmer.txt'.
WARNING: index 'najaf_stemmer': duplicate wordform found and overridden (current='جآءت > جآئت', old='جا ت => جائت'). Fix your wordforms file '/home/sphinx/sphinx/data/persian_stemmer.txt'.
WARNING: index 'najaf_stemmer': duplicate wordform found ('سوآء > سوآئ'). Fix your wordforms file '/home/sphinx/sphinx/data/persian_stemmer.txt'.
WARNING: index 'najaf_stemmer': duplicate wordform found ('نشآء > نشآئ'). Fix your wordforms file '/home/sphinx/sphinx/data/persian_stemmer.txt'.
WARNING: index 'najaf_stemmer': duplicate wordform found ('تشآء > تشآئ'). Fix your wordforms file '/home/sphinx/sphinx/data/persian_stemmer.txt'.
WARNING: index 'najaf_stemmer': duplicate wordform found and overridden (current='ءاوی > ئاوی', old='اوي => اوا'). Fix your wordforms file '/home/sphinx/sphinx/data/persian_stemmer.txt'.
WARNING: index 'najaf_stemmer': duplicate wordform found ('هولآء > هولآئ'). Fix your wordforms file '/home/sphinx/sphinx/data/persian_stemmer.txt'.
WARNING: index 'najaf_stemmer': duplicate wordform found and overridden (current='ائمهء > ائمهئ', old='ائمه => امام'). Fix your wordforms file '/home/sphinx/sphinx/data/persian_stemmer.txt'.
WARNING: index 'najaf_stemmer': duplicate wordform found ('ورآء > ورآئ'). Fix your wordforms file '/home/sphinx/sphinx/data/persian_stemmer.txt'.
WARNING: index 'najaf_stemmer': duplicate wordform found and overridden (current='ءاناء > ئانائ', old='انا => انائ'). Fix your wordforms file '/home/sphinx/sphinx/data/persian_stemmer.txt'.
WARNING: index 'najaf_stemmer': duplicate wordform found and overridden (current='امریء > امریئ', old='امري => امري'). Fix your wordforms file '/home/sphinx/sphinx/data/persian_stemmer.txt'.
WARNING: index 'najaf_stemmer': duplicate wordform found ('لقآء > لقآئ'). Fix your wordforms file '/home/sphinx/sphinx/data/persian_stemmer.txt'.
WARNING: index 'najaf_stemmer': duplicate wordform found ('شهدآء > شهدآئ'). Fix your wordforms file '/home/sphinx/sphinx/data/persian_stemmer.txt'.
WARNING: index 'najaf_stemmer': duplicate wordform found ('الدعآء > الدعآئ'). Fix your wordforms file '/home/sphinx/sphinx/data/persian_stemmer.txt'.
WARNING: index 'najaf_stemmer': duplicate wordform found and overridden (current='نشوء > نشوئ', old='نشو => شد'). Fix your wordforms file '/home/sphinx/sphinx/data/persian_stemmer.txt'.
WARNING: index 'najaf_stemmer': duplicate wordform found ('الفحشآء > الفحشآئ'). Fix your wordforms file '/home/sphinx/sphinx/data/persian_stemmer.txt'.
WARNING: index 'najaf_stemmer': duplicate wordform found and overridden (current='ءانا > ئانا', old='انا => ئانائ'). Fix your wordforms file '/home/sphinx/sphinx/data/persian_stemmer.txt'.
WARNING: index 'najaf_stemmer': duplicate wordform found ('البلآء > البلآئ'). Fix your wordforms file '/home/sphinx/sphinx/data/persian_stemmer.txt'.
WARNING: index 'najaf_stemmer': duplicate wordform found ('آزین > آز'). Fix your wordforms file '/home/sphinx/sphinx/data/persian_stemmer.txt'.
WARNING: index 'najaf_stemmer': duplicate wordform found and overridden (current='اباءنا > ابائنا', old='ابا نا => ابائنا'). Fix your wordforms file '/home/sphinx/sphinx/data/persian_stemmer.txt'.
WARNING: index 'najaf_stemmer': duplicate wordform found and overridden (current='ابنآءنا > ابنآئنا', old='ابنا نا => ابنائنا'). Fix your wordforms file '/home/sphinx/sphinx/data/persian_stemmer.txt'.
WARNING: index 'najaf_stemmer': duplicate wordform found and overridden (current='الفیء > الفیئ', old='الفي => الف'). Fix your wordforms file '/home/sphinx/sphinx/data/persian_stemmer.txt'.
WARNING: index 'najaf_stemmer': duplicate wordform found ('والنسآء > والنسآئ'). Fix your wordforms file '/home/sphinx/sphinx/data/persian_stemmer.txt'.
WARNING: index 'najaf_stemmer': duplicate wordform found ('العلمآء > العلمآئ'). Fix your wordforms file '/home/sphinx/sphinx/data/persian_stemmer.txt'.
WARNING: index 'najaf_stemmer': duplicate wordform found and overridden (current='اسای > اسا', old='اساي => اسائ'). Fix your wordforms file '/home/sphinx/sphinx/data/persian_stemmer.txt'.
WARNING: index 'najaf_stemmer': duplicate wordform found ('الاشیآء > الاشیآئ'). Fix your wordforms file '/home/sphinx/sphinx/data/persian_stemmer.txt'.
WARNING: index 'najaf_stemmer': duplicate wordform found ('فقرآء > فقرآئ'). Fix your wordforms file '/home/sphinx/sphinx/data/persian_stemmer.txt'.
WARNING: index 'najaf_stemmer': duplicate wordform found ('السفهآء > السفهآئ'). Fix your wordforms file '/home/sphinx/sphinx/data/persian_stemmer.txt'.
WARNING: index 'najaf_stemmer': duplicate wordform found ('آخی > آخ'). Fix your wordforms file '/home/sphinx/sphinx/data/persian_stemmer.txt'.
WARNING: index 'najaf_stemmer': duplicate wordform found ('ونسآء > ونسآئ'). Fix your wordforms file '/home/sphinx/sphinx/data/persian_stemmer.txt'.
WARNING: index 'najaf_stemmer': duplicate wordform found ('الشهدآء > الشهدآئ'). Fix your wordforms file '/home/sphinx/sphinx/data/persian_stemmer.txt'.
WARNING: index 'najaf_stemmer': duplicate wordform found and overridden (current='دهندهء > دهندهئ', old='دهنده => ده'). Fix your wordforms file '/home/sphinx/sphinx/data/persian_stemmer.txt'.
WARNING: index 'najaf_stemmer': duplicate wordform found and overridden (current='وفقهاء > وفقهائ', old='وفقها => وفق'). Fix your wordforms file '/home/sphinx/sphinx/data/persian_stemmer.txt'.
WARNING: index 'najaf_stemmer': duplicate wordform found ('والبغضآء > والبغضآئ'). Fix your wordforms file '/home/sphinx/sphinx/data/persian_stemmer.txt'.
WARNING: index 'najaf_stemmer': duplicate wordform found ('الضرآء > الضرآئ'). Fix your wordforms file '/home/sphinx/sphinx/data/persian_stemmer.txt'.
WARNING: index 'najaf_stemmer': duplicate wordform found ('عطآء > عطآئ'). Fix your wordforms file '/home/sphinx/sphinx/data/persian_stemmer.txt'.
WARNING: index 'najaf_stemmer': duplicate wordform found ('وجآء > وجآئ'). Fix your wordforms file '/home/sphinx/sphinx/data/persian_stemmer.txt'.
WARNING: index 'najaf_stemmer': duplicate wordform found ('سآء > سآئ'). Fix your wordforms file '/home/sphinx/sphinx/data/persian_stemmer.txt'.
WARNING: index 'najaf_stemmer': duplicate wordform found and overridden (current='بالشیء > بالشیئ', old='بالشي => بالش'). Fix your wordforms file '/home/sphinx/sphinx/data/persian_stemmer.txt'.
WARNING: index 'najaf_stemmer': duplicate wordform found ('برآء > برآئ'). Fix your wordforms file '/home/sphinx/sphinx/data/persian_stemmer.txt'.
WARNING: index 'najaf_stemmer': duplicate wordform found and overridden (current='جآءتکم > جآئتکم', old='جا تكم => جائتكم'). Fix your wordforms file '/home/sphinx/sphinx/data/persian_stemmer.txt'.
WARNING: index 'najaf_stemmer': duplicate wordform found and overridden (current='وابنآءکم > وابنآئکم', old='وابنا كم => وابنائكم'). Fix your wordforms file '/home/sphinx/sphinx/data/persian_stemmer.txt'.
WARNING: index 'najaf_stemmer': duplicate wordform found ('الاسمآء > الاسمآئ'). Fix your wordforms file '/home/sphinx/sphinx/data/persian_stemmer.txt'.
WARNING: index 'najaf_stemmer': duplicate wordform found and overridden (current='جآءوک > جآئوک', old='جا وك => جائوك'). Fix your wordforms file '/home/sphinx/sphinx/data/persian_stemmer.txt'.
WARNING: index 'najaf_stemmer': duplicate wordform found and overridden (current='جآءنا > جآئنا', old='جا نا => جائنا'). Fix your wordforms file '/home/sphinx/sphinx/data/persian_stemmer.txt'.
WARNING: index 'najaf_stemmer': duplicate wordform found ('وللنسآء > وللنسآئ'). Fix your wordforms file '/home/sphinx/sphinx/data/persian_stemmer.txt'.
WARNING: index 'najaf_stemmer': duplicate wordform found and overridden (current='زعماء > زعمائ', old='زعما => زعيم'). Fix your wordforms file '/home/sphinx/sphinx/data/persian_stemmer.txt'.
WARNING: index 'najaf_stemmer': duplicate wordform found and overridden (current='وء > وئ', old='و => ئو'). Fix your wordforms file '/home/sphinx/sphinx/data/persian_stemmer.txt'.
WARNING: index 'najaf_stemmer': duplicate wordform found ('آشی > آش'). Fix your wordforms file '/home/sphinx/sphinx/data/persian_stemmer.txt'.
WARNING: index 'najaf_stemmer': duplicate wordform found and overridden (current='نسآءکم > نسآئکم', old='نسا كم => نسائكم'). Fix your wordforms file '/home/sphinx/sphinx/data/persian_stemmer.txt'.
WARNING: index 'najaf_stemmer': duplicate wordform found ('بالفحشآء > بالفحشآئ'). Fix your wordforms file '/home/sphinx/sphinx/data/persian_stemmer.txt'.
WARNING: index 'najaf_stemmer': duplicate wordform found ('بآء > بآئ'). Fix your wordforms file '/home/sphinx/sphinx/data/persian_stemmer.txt'.
WARNING: index 'najaf_stemmer': duplicate wordform found and overridden (current='وءاباوکم > وئاباوکم', old='و اباوكم => وئاباوكم'). Fix your wordforms file '/home/sphinx/sphinx/data/persian_stemmer.txt'.
WARNING: index 'najaf_stemmer': duplicate wordform found and overridden (current='جآءنی > جآئنی', old='جا ني => جائني'). Fix your wordforms file '/home/sphinx/sphinx/data/persian_stemmer.txt'.
WARNING: index 'najaf_stemmer': duplicate wordform found and overridden (current='لقآءنا > لقآئنا', old='لقا نا => لقائنا'). Fix your wordforms file '/home/sphinx/sphinx/data/persian_stemmer.txt'.
WARNING: index 'najaf_stemmer': duplicate wordform found ('رجآء > رجآئ'). Fix your wordforms file '/home/sphinx/sphinx/data/persian_stemmer.txt'.
WARNING: index 'najaf_stemmer': duplicate wordform found and overridden (current='ونسآءنا > ونسآئنا', old='ونسا نا => ونسائنا'). Fix your wordforms file '/home/sphinx/sphinx/data/persian_stemmer.txt'.
WARNING: index 'najaf_stemmer': duplicate wordform found and overridden (current='ونسآءکم > ونسآئکم', old='ونسا كم => ونسائكم'). Fix your wordforms file '/home/sphinx/sphinx/data/persian_stemmer.txt'.
WARNING: index 'najaf_stemmer': duplicate wordform found and overridden (current='اراء > ارائ', old='ارا => راي'). Fix your wordforms file '/home/sphinx/sphinx/data/persian_stemmer.txt'.
WARNING: index 'najaf_stemmer': duplicate wordform found and overridden (current='اولیآءه > اولیآئه', old='اوليا ه => اوليائه'). Fix your wordforms file '/home/sphinx/sphinx/data/persian_stemmer.txt'.
WARNING: index 'najaf_stemmer': duplicate wordform found and overridden (current='وفاءالوفا > وفائالوفا', old='وفا الوفا => وفائالوفائ'). Fix your wordforms file '/home/sphinx/sphinx/data/persian_stemmer.txt'.
WARNING: index 'najaf_stemmer': duplicate wordform found ('آکلها > آکل'). Fix your wordforms file '/home/sphinx/sphinx/data/persian_stemmer.txt'.
WARNING: index 'najaf_stemmer': duplicate wordform found ('کمآء > کمآئ'). Fix your wordforms file '/home/sphinx/sphinx/data/persian_stemmer.txt'.
WARNING: index 'najaf_stemmer': duplicate wordform found and overridden (current='وادرء > وادرئ', old='وادر => در'). Fix your wordforms file '/home/sphinx/sphinx/data/persian_stemmer.txt'.
WARNING: index 'najaf_stemmer': duplicate wordform found ('والشهدآء > والشهدآئ'). Fix your wordforms file '/home/sphinx/sphinx/data/persian_stemmer.txt'.
WARNING: index 'najaf_stemmer': duplicate wordform found ('الفقرآء > الفقرآئ'). Fix your wordforms file '/home/sphinx/sphinx/data/persian_stemmer.txt'.
WARNING: index 'najaf_stemmer': duplicate wordform found and overridden (current='انهاء > انهائ', old='انها => ان'). Fix your wordforms file '/home/sphinx/sphinx/data/persian_stemmer.txt'.
WARNING: index 'najaf_stemmer': duplicate wordform found ('الآلاء > الآلائ'). Fix your wordforms file '/home/sphinx/sphinx/data/persian_stemmer.txt'.
WARNING: index 'najaf_stemmer': duplicate wordform found ('بقآء > بقآئ'). Fix your wordforms file '/home/sphinx/sphinx/data/persian_stemmer.txt'.
WARNING: index 'najaf_stemmer': duplicate wordform found ('حمیرآء > حمیرآئ'). Fix your wordforms file '/home/sphinx/sphinx/data/persian_stemmer.txt'.
WARNING: index 'najaf_stemmer': duplicate wordform found and overridden (current='ابنآءکم > ابنآئکم', old='ابنا كم => ابنائكم'). Fix your wordforms file '/home/sphinx/sphinx/data/persian_stemmer.txt'.
WARNING: index 'najaf_stemmer': duplicate wordform found ('بلآء > بلآئ'). Fix your wordforms file '/home/sphinx/sphinx/data/persian_stemmer.txt'.
WARNING: index 'najaf_stemmer': duplicate wordform found ('احیآء > احیآئ'). Fix your wordforms file '/home/sphinx/sphinx/data/persian_stemmer.txt'.
WARNING: index 'najaf_stemmer': duplicate wordform found ('آفریقاییان > آفریقایی'). Fix your wordforms file '/home/sphinx/sphinx/data/persian_stemmer.txt'.
WARNING: index 'najaf_stemmer': duplicate wordform found ('اغنیآء > اغنیآئ'). Fix your wordforms file '/home/sphinx/sphinx/data/persian_stemmer.txt'.
WARNING: index 'najaf_stemmer': duplicate wordform found ('الضعفآء > الضعفآئ'). Fix your wordforms file '/home/sphinx/sphinx/data/persian_stemmer.txt'.
WARNING: index 'najaf_stemmer': duplicate wordform found and overridden (current='ءایتی > ئایتی', old='ايتي => ايت'). Fix your wordforms file '/home/sphinx/sphinx/data/persian_stemmer.txt'.
collected 10049781 docs, 25540.6 MB
sorted 2794.5 Mhits, 100.0% done
total 10049781 docs, 25.54 Gb
total 4757.0 sec, 5.369 Mb/sec, 2112 docs/sec
